Starting SellApplication on macdeMacBook-Air.local with PID 38618 (/Users/mac/idea-workspace/sell/target/classes started by mac in /Users/mac/idea-workspace/sell)
No active profile set, falling back to default profiles: default
Refreshing org.springframework.boot.context.embedded.AnnotationConfigEmbeddedWebApplicationContext@5cb0bba8: startup date [Fri Apr 20 15:24:36 CST 2018]; root of context hierarchy
HV000001: Hibernate Validator 5.3.6.Final
Bean 'org.springframework.transaction.annotation.ProxyTransactionManagementConfiguration' of type [org.springframework.transaction.annotation.ProxyTransactionManagementConfiguration$$EnhancerBySpringCGLIB$$b87af083] is not eligible for getting processed by all BeanPostProcessors (for example: not eligible for auto-proxying)
Tomcat initialized with port(s): 8081 (http)
Starting service [Tomcat]
Starting Servlet Engine: Apache Tomcat/8.5.27
Initializing Spring embedded WebApplicationContext
Root WebApplicationContext: initialization completed in 3567 ms
Mapping servlet: 'dispatcherServlet' to [/]
Mapping filter: 'characterEncodingFilter' to: [/*]
Mapping filter: 'hiddenHttpMethodFilter' to: [/*]
Mapping filter: 'httpPutFormContentFilter' to: [/*]
Mapping filter: 'requestContextFilter' to: [/*]
Building JPA container EntityManagerFactory for persistence unit 'default'
HHH000204: Processing PersistenceUnitInfo [
	name: default
	...]
HHH000412: Hibernate Core {5.0.12.Final}
HHH000206: hibernate.properties not found
HHH000021: Bytecode provider name : javassist
HCANN000001: Hibernate Commons Annotations {5.0.1.Final}
HHH000400: Using dialect: org.hibernate.dialect.MySQL5Dialect
HHH000228: Running hbm2ddl schema update
Initialized JPA EntityManagerFactory for persistence unit 'default'
Looking for @ControllerAdvice: org.springframework.boot.context.embedded.AnnotationConfigEmbeddedWebApplicationContext@5cb0bba8: startup date [Fri Apr 20 15:24:36 CST 2018]; root of context hierarchy
Mapped "{[/buyer/order/create],methods=[POST]}" onto public com.example.demo.VO.ResultVO<java.util.Map<java.lang.String, java.lang.String>> com.example.demo.controller.BuyerOrderController.create(com.example.demo.form.OrderForm,org.springframework.validation.BindingResult)
Mapped "{[/buyer/order/list],methods=[GET]}" onto public com.example.demo.VO.ResultVO<com.example.demo.dto.OrderDTO> com.example.demo.controller.BuyerOrderController.list(java.lang.String,java.lang.Integer,java.lang.Integer)
Mapped "{[/buyer/order/cancel],methods=[POST]}" onto public com.example.demo.VO.ResultVO com.example.demo.controller.BuyerOrderController.cancel(java.lang.String,java.lang.String)
Mapped "{[/buyer/order/detail],methods=[GET]}" onto public com.example.demo.VO.ResultVO<com.example.demo.dto.OrderDTO> com.example.demo.controller.BuyerOrderController.detail(java.lang.String,java.lang.String)
Mapped "{[/buyer/product/list],methods=[GET]}" onto public com.example.demo.VO.ResultVO com.example.demo.controller.BuyerProductController.list()
Mapped "{[/seller/category/list]}" onto public org.springframework.web.servlet.ModelAndView com.example.demo.controller.SellCategoryController.list(java.util.Map<java.lang.String, java.lang.Object>)
Mapped "{[/seller/category/save]}" onto public org.springframework.web.servlet.ModelAndView com.example.demo.controller.SellCategoryController.save(com.example.demo.form.CategoryForm,org.springframework.validation.BindingResult,java.util.Map<java.lang.String, java.lang.Object>)
Mapped "{[/seller/category/modify]}" onto public org.springframework.web.servlet.ModelAndView com.example.demo.controller.SellCategoryController.modify(java.lang.Integer,java.util.Map<java.lang.String, java.lang.Object>)
Mapped "{[/seller/order/list],methods=[GET]}" onto public org.springframework.web.servlet.ModelAndView com.example.demo.controller.SellerOrderController.list(java.lang.Integer,java.lang.Integer,java.util.Map<java.lang.String, java.lang.Object>)
Mapped "{[/seller/order/cancel],methods=[GET]}" onto public org.springframework.web.servlet.ModelAndView com.example.demo.controller.SellerOrderController.cancel(java.lang.String,java.util.Map<java.lang.String, java.lang.Object>)
Mapped "{[/seller/order/detail],methods=[GET]}" onto public org.springframework.web.servlet.ModelAndView com.example.demo.controller.SellerOrderController.detail(java.lang.String,java.util.Map<java.lang.String, java.lang.Object>)
Mapped "{[/seller/order/finish],methods=[GET]}" onto public org.springframework.web.servlet.ModelAndView com.example.demo.controller.SellerOrderController.finish(java.lang.String,java.util.Map<java.lang.String, java.lang.Object>)
Mapped "{[/seller/product/modify]}" onto public org.springframework.web.servlet.ModelAndView com.example.demo.controller.SellerProductController.index(java.lang.String,java.util.Map<java.lang.String, java.lang.Object>)
Mapped "{[/seller/product/list],methods=[GET]}" onto public org.springframework.web.servlet.ModelAndView com.example.demo.controller.SellerProductController.list(java.lang.Integer,java.lang.Integer,java.util.Map<java.lang.String, java.lang.Object>)
Mapped "{[/seller/product/save],methods=[POST]}" onto public org.springframework.web.servlet.ModelAndView com.example.demo.controller.SellerProductController.save(com.example.demo.form.ProductForm,org.springframework.validation.BindingResult,java.util.Map<java.lang.String, java.lang.Object>)
Mapped "{[/seller/product/off_sale]}" onto public org.springframework.web.servlet.ModelAndView com.example.demo.controller.SellerProductController.offSale(java.lang.String,java.util.Map<java.lang.String, java.lang.Object>)
Mapped "{[/seller/product/on_sale]}" onto public org.springframework.web.servlet.ModelAndView com.example.demo.controller.SellerProductController.onSale(java.lang.String,java.util.Map<java.lang.String, java.lang.Object>)
Mapped "{[/error]}" onto public org.springframework.http.ResponseEntity<java.util.Map<java.lang.String, java.lang.Object>> org.springframework.boot.autoconfigure.web.BasicErrorController.error(javax.servlet.http.HttpServletRequest)
Mapped "{[/error],produces=[text/html]}" onto public org.springframework.web.servlet.ModelAndView org.springframework.boot.autoconfigure.web.BasicErrorController.errorHtml(javax.servlet.http.HttpServletRequest,javax.servlet.http.HttpServletResponse)
Mapped URL path [/webjars/**] onto handler of type [class org.springframework.web.servlet.resource.ResourceHttpRequestHandler]
Mapped URL path [/**] onto handler of type [class org.springframework.web.servlet.resource.ResourceHttpRequestHandler]
Mapped URL path [/**/favicon.ico] onto handler of type [class org.springframework.web.servlet.resource.ResourceHttpRequestHandler]
ClassTemplateLoader for Spring macros added to FreeMarker configuration
Unable to start LiveReload server
Registering beans for JMX exposure on startup
Initializing ProtocolHandler ["http-nio-8081"]
Starting ProtocolHandler ["http-nio-8081"]
Using a shared selector for servlet write/read
Tomcat started on port(s): 8081 (http)
Started SellApplication in 10.747 seconds (JVM running for 12.674)
Initializing Spring FrameworkServlet 'dispatcherServlet'
FrameworkServlet 'dispatcherServlet': initialization started
FrameworkServlet 'dispatcherServlet': initialization completed in 120 ms
HHH000397: Using ASTQueryTranslatorFactory
Closing org.springframework.boot.context.embedded.AnnotationConfigEmbeddedWebApplicationContext@5cb0bba8: startup date [Fri Apr 20 15:24:36 CST 2018]; root of context hierarchy
Unregistering JMX-exposed beans on shutdown
Closing JPA EntityManagerFactory for persistence unit 'default'
Starting SellApplication on macdeMacBook-Air.local with PID 42392 (/Users/mac/idea-workspace/sell/target/classes started by mac in /Users/mac/idea-workspace/sell)
No active profile set, falling back to default profiles: default
Refreshing org.springframework.boot.context.embedded.AnnotationConfigEmbeddedWebApplicationContext@51602956: startup date [Fri Apr 20 15:43:05 CST 2018]; root of context hierarchy
HV000001: Hibernate Validator 5.3.6.Final
Bean 'org.springframework.transaction.annotation.ProxyTransactionManagementConfiguration' of type [org.springframework.transaction.annotation.ProxyTransactionManagementConfiguration$$EnhancerBySpringCGLIB$$a875c4b9] is not eligible for getting processed by all BeanPostProcessors (for example: not eligible for auto-proxying)
Tomcat initialized with port(s): 8081 (http)
Starting service [Tomcat]
Starting Servlet Engine: Apache Tomcat/8.5.27
Initializing Spring embedded WebApplicationContext
Root WebApplicationContext: initialization completed in 5021 ms
Mapping servlet: 'dispatcherServlet' to [/]
Mapping filter: 'characterEncodingFilter' to: [/*]
Mapping filter: 'hiddenHttpMethodFilter' to: [/*]
Mapping filter: 'httpPutFormContentFilter' to: [/*]
Mapping filter: 'requestContextFilter' to: [/*]
Building JPA container EntityManagerFactory for persistence unit 'default'
HHH000204: Processing PersistenceUnitInfo [
	name: default
	...]
HHH000412: Hibernate Core {5.0.12.Final}
HHH000206: hibernate.properties not found
HHH000021: Bytecode provider name : javassist
HCANN000001: Hibernate Commons Annotations {5.0.1.Final}
HHH000400: Using dialect: org.hibernate.dialect.MySQL5Dialect
HHH000228: Running hbm2ddl schema update
Initialized JPA EntityManagerFactory for persistence unit 'default'
Looking for @ControllerAdvice: org.springframework.boot.context.embedded.AnnotationConfigEmbeddedWebApplicationContext@51602956: startup date [Fri Apr 20 15:43:05 CST 2018]; root of context hierarchy
Mapped "{[/buyer/order/create],methods=[POST]}" onto public com.example.demo.VO.ResultVO<java.util.Map<java.lang.String, java.lang.String>> com.example.demo.controller.BuyerOrderController.create(com.example.demo.form.OrderForm,org.springframework.validation.BindingResult)
Mapped "{[/buyer/order/list],methods=[GET]}" onto public com.example.demo.VO.ResultVO<com.example.demo.dto.OrderDTO> com.example.demo.controller.BuyerOrderController.list(java.lang.String,java.lang.Integer,java.lang.Integer)
Mapped "{[/buyer/order/cancel],methods=[POST]}" onto public com.example.demo.VO.ResultVO com.example.demo.controller.BuyerOrderController.cancel(java.lang.String,java.lang.String)
Mapped "{[/buyer/order/detail],methods=[GET]}" onto public com.example.demo.VO.ResultVO<com.example.demo.dto.OrderDTO> com.example.demo.controller.BuyerOrderController.detail(java.lang.String,java.lang.String)
Mapped "{[/buyer/product/list],methods=[GET]}" onto public com.example.demo.VO.ResultVO com.example.demo.controller.BuyerProductController.list()
Mapped "{[/seller/category/list]}" onto public org.springframework.web.servlet.ModelAndView com.example.demo.controller.SellCategoryController.list(java.util.Map<java.lang.String, java.lang.Object>)
Mapped "{[/seller/category/save]}" onto public org.springframework.web.servlet.ModelAndView com.example.demo.controller.SellCategoryController.save(com.example.demo.form.CategoryForm,org.springframework.validation.BindingResult,java.util.Map<java.lang.String, java.lang.Object>)
Mapped "{[/seller/category/modify]}" onto public org.springframework.web.servlet.ModelAndView com.example.demo.controller.SellCategoryController.modify(java.lang.Integer,java.util.Map<java.lang.String, java.lang.Object>)
Mapped "{[/seller/order/list],methods=[GET]}" onto public org.springframework.web.servlet.ModelAndView com.example.demo.controller.SellerOrderController.list(java.lang.Integer,java.lang.Integer,java.util.Map<java.lang.String, java.lang.Object>)
Mapped "{[/seller/order/cancel],methods=[GET]}" onto public org.springframework.web.servlet.ModelAndView com.example.demo.controller.SellerOrderController.cancel(java.lang.String,java.util.Map<java.lang.String, java.lang.Object>)
Mapped "{[/seller/order/finish],methods=[GET]}" onto public org.springframework.web.servlet.ModelAndView com.example.demo.controller.SellerOrderController.finish(java.lang.String,java.util.Map<java.lang.String, java.lang.Object>)
Mapped "{[/seller/order/detail],methods=[GET]}" onto public org.springframework.web.servlet.ModelAndView com.example.demo.controller.SellerOrderController.detail(java.lang.String,java.util.Map<java.lang.String, java.lang.Object>)
Mapped "{[/seller/product/modify]}" onto public org.springframework.web.servlet.ModelAndView com.example.demo.controller.SellerProductController.index(java.lang.String,java.util.Map<java.lang.String, java.lang.Object>)
Mapped "{[/seller/product/list],methods=[GET]}" onto public org.springframework.web.servlet.ModelAndView com.example.demo.controller.SellerProductController.list(java.lang.Integer,java.lang.Integer,java.util.Map<java.lang.String, java.lang.Object>)
Mapped "{[/seller/product/save],methods=[POST]}" onto public org.springframework.web.servlet.ModelAndView com.example.demo.controller.SellerProductController.save(com.example.demo.form.ProductForm,org.springframework.validation.BindingResult,java.util.Map<java.lang.String, java.lang.Object>)
Mapped "{[/seller/product/on_sale]}" onto public org.springframework.web.servlet.ModelAndView com.example.demo.controller.SellerProductController.onSale(java.lang.String,java.util.Map<java.lang.String, java.lang.Object>)
Mapped "{[/seller/product/off_sale]}" onto public org.springframework.web.servlet.ModelAndView com.example.demo.controller.SellerProductController.offSale(java.lang.String,java.util.Map<java.lang.String, java.lang.Object>)
Mapped "{[/error]}" onto public org.springframework.http.ResponseEntity<java.util.Map<java.lang.String, java.lang.Object>> org.springframework.boot.autoconfigure.web.BasicErrorController.error(javax.servlet.http.HttpServletRequest)
Mapped "{[/error],produces=[text/html]}" onto public org.springframework.web.servlet.ModelAndView org.springframework.boot.autoconfigure.web.BasicErrorController.errorHtml(javax.servlet.http.HttpServletRequest,javax.servlet.http.HttpServletResponse)
Mapped URL path [/webjars/**] onto handler of type [class org.springframework.web.servlet.resource.ResourceHttpRequestHandler]
Mapped URL path [/**] onto handler of type [class org.springframework.web.servlet.resource.ResourceHttpRequestHandler]
Mapped URL path [/**/favicon.ico] onto handler of type [class org.springframework.web.servlet.resource.ResourceHttpRequestHandler]
ClassTemplateLoader for Spring macros added to FreeMarker configuration
Unable to start LiveReload server
Registering beans for JMX exposure on startup
Initializing ProtocolHandler ["http-nio-8081"]
Starting ProtocolHandler ["http-nio-8081"]
Using a shared selector for servlet write/read
Tomcat started on port(s): 8081 (http)
Started SellApplication in 12.622 seconds (JVM running for 16.602)
Initializing Spring FrameworkServlet 'dispatcherServlet'
FrameworkServlet 'dispatcherServlet': initialization started
FrameworkServlet 'dispatcherServlet': initialization completed in 51 ms
HHH000397: Using ASTQueryTranslatorFactory
Closing org.springframework.boot.context.embedded.AnnotationConfigEmbeddedWebApplicationContext@51602956: startup date [Fri Apr 20 15:43:05 CST 2018]; root of context hierarchy
Unregistering JMX-exposed beans on shutdown
Closing JPA EntityManagerFactory for persistence unit 'default'
Starting SellApplication on macdeMacBook-Air.local with PID 42603 (/Users/mac/idea-workspace/sell/target/classes started by mac in /Users/mac/idea-workspace/sell)
No active profile set, falling back to default profiles: default
Refreshing org.springframework.boot.context.embedded.AnnotationConfigEmbeddedWebApplicationContext@75d15544: startup date [Fri Apr 20 15:44:06 CST 2018]; root of context hierarchy
HV000001: Hibernate Validator 5.3.6.Final
Bean 'org.springframework.transaction.annotation.ProxyTransactionManagementConfiguration' of type [org.springframework.transaction.annotation.ProxyTransactionManagementConfiguration$$EnhancerBySpringCGLIB$$75a0e88a] is not eligible for getting processed by all BeanPostProcessors (for example: not eligible for auto-proxying)
Tomcat initialized with port(s): 8081 (http)
Starting service [Tomcat]
Starting Servlet Engine: Apache Tomcat/8.5.27
Initializing Spring embedded WebApplicationContext
Root WebApplicationContext: initialization completed in 4891 ms
Mapping servlet: 'dispatcherServlet' to [/]
Mapping filter: 'characterEncodingFilter' to: [/*]
Mapping filter: 'hiddenHttpMethodFilter' to: [/*]
Mapping filter: 'httpPutFormContentFilter' to: [/*]
Mapping filter: 'requestContextFilter' to: [/*]
Building JPA container EntityManagerFactory for persistence unit 'default'
HHH000204: Processing PersistenceUnitInfo [
	name: default
	...]
HHH000412: Hibernate Core {5.0.12.Final}
HHH000206: hibernate.properties not found
HHH000021: Bytecode provider name : javassist
HCANN000001: Hibernate Commons Annotations {5.0.1.Final}
HHH000400: Using dialect: org.hibernate.dialect.MySQL5Dialect
HHH000228: Running hbm2ddl schema update
Initialized JPA EntityManagerFactory for persistence unit 'default'
Looking for @ControllerAdvice: org.springframework.boot.context.embedded.AnnotationConfigEmbeddedWebApplicationContext@75d15544: startup date [Fri Apr 20 15:44:06 CST 2018]; root of context hierarchy
Mapped "{[/buyer/order/create],methods=[POST]}" onto public com.example.demo.VO.ResultVO<java.util.Map<java.lang.String, java.lang.String>> com.example.demo.controller.BuyerOrderController.create(com.example.demo.form.OrderForm,org.springframework.validation.BindingResult)
Mapped "{[/buyer/order/list],methods=[GET]}" onto public com.example.demo.VO.ResultVO<com.example.demo.dto.OrderDTO> com.example.demo.controller.BuyerOrderController.list(java.lang.String,java.lang.Integer,java.lang.Integer)
Mapped "{[/buyer/order/detail],methods=[GET]}" onto public com.example.demo.VO.ResultVO<com.example.demo.dto.OrderDTO> com.example.demo.controller.BuyerOrderController.detail(java.lang.String,java.lang.String)
Mapped "{[/buyer/order/cancel],methods=[POST]}" onto public com.example.demo.VO.ResultVO com.example.demo.controller.BuyerOrderController.cancel(java.lang.String,java.lang.String)
Mapped "{[/buyer/product/list],methods=[GET]}" onto public com.example.demo.VO.ResultVO com.example.demo.controller.BuyerProductController.list()
Mapped "{[/seller/category/list]}" onto public org.springframework.web.servlet.ModelAndView com.example.demo.controller.SellCategoryController.list(java.util.Map<java.lang.String, java.lang.Object>)
Mapped "{[/seller/category/save]}" onto public org.springframework.web.servlet.ModelAndView com.example.demo.controller.SellCategoryController.save(com.example.demo.form.CategoryForm,org.springframework.validation.BindingResult,java.util.Map<java.lang.String, java.lang.Object>)
Mapped "{[/seller/category/modify]}" onto public org.springframework.web.servlet.ModelAndView com.example.demo.controller.SellCategoryController.modify(java.lang.Integer,java.util.Map<java.lang.String, java.lang.Object>)
Mapped "{[/seller/order/list],methods=[GET]}" onto public org.springframework.web.servlet.ModelAndView com.example.demo.controller.SellerOrderController.list(java.lang.Integer,java.lang.Integer,java.util.Map<java.lang.String, java.lang.Object>)
Mapped "{[/seller/order/detail],methods=[GET]}" onto public org.springframework.web.servlet.ModelAndView com.example.demo.controller.SellerOrderController.detail(java.lang.String,java.util.Map<java.lang.String, java.lang.Object>)
Mapped "{[/seller/order/cancel],methods=[GET]}" onto public org.springframework.web.servlet.ModelAndView com.example.demo.controller.SellerOrderController.cancel(java.lang.String,java.util.Map<java.lang.String, java.lang.Object>)
Mapped "{[/seller/order/finish],methods=[GET]}" onto public org.springframework.web.servlet.ModelAndView com.example.demo.controller.SellerOrderController.finish(java.lang.String,java.util.Map<java.lang.String, java.lang.Object>)
Mapped "{[/seller/product/modify]}" onto public org.springframework.web.servlet.ModelAndView com.example.demo.controller.SellerProductController.index(java.lang.String,java.util.Map<java.lang.String, java.lang.Object>)
Mapped "{[/seller/product/list],methods=[GET]}" onto public org.springframework.web.servlet.ModelAndView com.example.demo.controller.SellerProductController.list(java.lang.Integer,java.lang.Integer,java.util.Map<java.lang.String, java.lang.Object>)
Mapped "{[/seller/product/save],methods=[POST]}" onto public org.springframework.web.servlet.ModelAndView com.example.demo.controller.SellerProductController.save(com.example.demo.form.ProductForm,org.springframework.validation.BindingResult,java.util.Map<java.lang.String, java.lang.Object>)
Mapped "{[/seller/product/on_sale]}" onto public org.springframework.web.servlet.ModelAndView com.example.demo.controller.SellerProductController.onSale(java.lang.String,java.util.Map<java.lang.String, java.lang.Object>)
Mapped "{[/seller/product/off_sale]}" onto public org.springframework.web.servlet.ModelAndView com.example.demo.controller.SellerProductController.offSale(java.lang.String,java.util.Map<java.lang.String, java.lang.Object>)
Mapped "{[/error]}" onto public org.springframework.http.ResponseEntity<java.util.Map<java.lang.String, java.lang.Object>> org.springframework.boot.autoconfigure.web.BasicErrorController.error(javax.servlet.http.HttpServletRequest)
Mapped "{[/error],produces=[text/html]}" onto public org.springframework.web.servlet.ModelAndView org.springframework.boot.autoconfigure.web.BasicErrorController.errorHtml(javax.servlet.http.HttpServletRequest,javax.servlet.http.HttpServletResponse)
Mapped URL path [/webjars/**] onto handler of type [class org.springframework.web.servlet.resource.ResourceHttpRequestHandler]
Mapped URL path [/**] onto handler of type [class org.springframework.web.servlet.resource.ResourceHttpRequestHandler]
Mapped URL path [/**/favicon.ico] onto handler of type [class org.springframework.web.servlet.resource.ResourceHttpRequestHandler]
ClassTemplateLoader for Spring macros added to FreeMarker configuration
Unable to start LiveReload server
Registering beans for JMX exposure on startup
Initializing ProtocolHandler ["http-nio-8081"]
Starting ProtocolHandler ["http-nio-8081"]
Using a shared selector for servlet write/read
Tomcat started on port(s): 8081 (http)
Started SellApplication in 11.127 seconds (JVM running for 12.858)
Initializing Spring FrameworkServlet 'dispatcherServlet'
FrameworkServlet 'dispatcherServlet': initialization started
FrameworkServlet 'dispatcherServlet': initialization completed in 27 ms
HHH000397: Using ASTQueryTranslatorFactory
Closing org.springframework.boot.context.embedded.AnnotationConfigEmbeddedWebApplicationContext@75d15544: startup date [Fri Apr 20 15:44:06 CST 2018]; root of context hierarchy
Unregistering JMX-exposed beans on shutdown
Closing JPA EntityManagerFactory for persistence unit 'default'
Starting SellApplication on macdeMacBook-Air.local with PID 45212 (/Users/mac/idea-workspace/sell/target/classes started by mac in /Users/mac/idea-workspace/sell)
No active profile set, falling back to default profiles: default
Refreshing org.springframework.boot.context.embedded.AnnotationConfigEmbeddedWebApplicationContext@8aacf3f: startup date [Fri Apr 20 15:57:21 CST 2018]; root of context hierarchy
HV000001: Hibernate Validator 5.3.6.Final
Bean 'org.springframework.transaction.annotation.ProxyTransactionManagementConfiguration' of type [org.springframework.transaction.annotation.ProxyTransactionManagementConfiguration$$EnhancerBySpringCGLIB$$9bd06249] is not eligible for getting processed by all BeanPostProcessors (for example: not eligible for auto-proxying)
Tomcat initialized with port(s): 8081 (http)
Starting service [Tomcat]
Starting Servlet Engine: Apache Tomcat/8.5.27
Initializing Spring embedded WebApplicationContext
Root WebApplicationContext: initialization completed in 3919 ms
Mapping servlet: 'dispatcherServlet' to [/]
Mapping filter: 'characterEncodingFilter' to: [/*]
Mapping filter: 'hiddenHttpMethodFilter' to: [/*]
Mapping filter: 'httpPutFormContentFilter' to: [/*]
Mapping filter: 'requestContextFilter' to: [/*]
Building JPA container EntityManagerFactory for persistence unit 'default'
HHH000204: Processing PersistenceUnitInfo [
	name: default
	...]
HHH000412: Hibernate Core {5.0.12.Final}
HHH000206: hibernate.properties not found
HHH000021: Bytecode provider name : javassist
HCANN000001: Hibernate Commons Annotations {5.0.1.Final}
HHH000400: Using dialect: org.hibernate.dialect.MySQL5Dialect
HHH000228: Running hbm2ddl schema update
Initialized JPA EntityManagerFactory for persistence unit 'default'
Looking for @ControllerAdvice: org.springframework.boot.context.embedded.AnnotationConfigEmbeddedWebApplicationContext@8aacf3f: startup date [Fri Apr 20 15:57:21 CST 2018]; root of context hierarchy
Mapped "{[/buyer/order/create],methods=[POST]}" onto public com.example.demo.VO.ResultVO<java.util.Map<java.lang.String, java.lang.String>> com.example.demo.controller.BuyerOrderController.create(com.example.demo.form.OrderForm,org.springframework.validation.BindingResult)
Mapped "{[/buyer/order/list],methods=[GET]}" onto public com.example.demo.VO.ResultVO<com.example.demo.dto.OrderDTO> com.example.demo.controller.BuyerOrderController.list(java.lang.String,java.lang.Integer,java.lang.Integer)
Mapped "{[/buyer/order/cancel],methods=[POST]}" onto public com.example.demo.VO.ResultVO com.example.demo.controller.BuyerOrderController.cancel(java.lang.String,java.lang.String)
Mapped "{[/buyer/order/detail],methods=[GET]}" onto public com.example.demo.VO.ResultVO<com.example.demo.dto.OrderDTO> com.example.demo.controller.BuyerOrderController.detail(java.lang.String,java.lang.String)
Mapped "{[/buyer/product/list],methods=[GET]}" onto public com.example.demo.VO.ResultVO com.example.demo.controller.BuyerProductController.list()
Mapped "{[/seller/category/list]}" onto public org.springframework.web.servlet.ModelAndView com.example.demo.controller.SellCategoryController.list(java.util.Map<java.lang.String, java.lang.Object>)
Mapped "{[/seller/category/save]}" onto public org.springframework.web.servlet.ModelAndView com.example.demo.controller.SellCategoryController.save(com.example.demo.form.CategoryForm,org.springframework.validation.BindingResult,java.util.Map<java.lang.String, java.lang.Object>)
Mapped "{[/seller/category/modify]}" onto public org.springframework.web.servlet.ModelAndView com.example.demo.controller.SellCategoryController.modify(java.lang.Integer,java.util.Map<java.lang.String, java.lang.Object>)
Mapped "{[/seller/order/list],methods=[GET]}" onto public org.springframework.web.servlet.ModelAndView com.example.demo.controller.SellerOrderController.list(java.lang.Integer,java.lang.Integer,java.util.Map<java.lang.String, java.lang.Object>)
Mapped "{[/seller/order/finish],methods=[GET]}" onto public org.springframework.web.servlet.ModelAndView com.example.demo.controller.SellerOrderController.finish(java.lang.String,java.util.Map<java.lang.String, java.lang.Object>)
Mapped "{[/seller/order/cancel],methods=[GET]}" onto public org.springframework.web.servlet.ModelAndView com.example.demo.controller.SellerOrderController.cancel(java.lang.String,java.util.Map<java.lang.String, java.lang.Object>)
Mapped "{[/seller/order/detail],methods=[GET]}" onto public org.springframework.web.servlet.ModelAndView com.example.demo.controller.SellerOrderController.detail(java.lang.String,java.util.Map<java.lang.String, java.lang.Object>)
Mapped "{[/seller/product/modify]}" onto public org.springframework.web.servlet.ModelAndView com.example.demo.controller.SellerProductController.index(java.lang.String,java.util.Map<java.lang.String, java.lang.Object>)
Mapped "{[/seller/product/list],methods=[GET]}" onto public org.springframework.web.servlet.ModelAndView com.example.demo.controller.SellerProductController.list(java.lang.Integer,java.lang.Integer,java.util.Map<java.lang.String, java.lang.Object>)
Mapped "{[/seller/product/save],methods=[POST]}" onto public org.springframework.web.servlet.ModelAndView com.example.demo.controller.SellerProductController.save(com.example.demo.form.ProductForm,org.springframework.validation.BindingResult,java.util.Map<java.lang.String, java.lang.Object>)
Mapped "{[/seller/product/on_sale]}" onto public org.springframework.web.servlet.ModelAndView com.example.demo.controller.SellerProductController.onSale(java.lang.String,java.util.Map<java.lang.String, java.lang.Object>)
Mapped "{[/seller/product/off_sale]}" onto public org.springframework.web.servlet.ModelAndView com.example.demo.controller.SellerProductController.offSale(java.lang.String,java.util.Map<java.lang.String, java.lang.Object>)
Mapped "{[/error]}" onto public org.springframework.http.ResponseEntity<java.util.Map<java.lang.String, java.lang.Object>> org.springframework.boot.autoconfigure.web.BasicErrorController.error(javax.servlet.http.HttpServletRequest)
Mapped "{[/error],produces=[text/html]}" onto public org.springframework.web.servlet.ModelAndView org.springframework.boot.autoconfigure.web.BasicErrorController.errorHtml(javax.servlet.http.HttpServletRequest,javax.servlet.http.HttpServletResponse)
Mapped URL path [/webjars/**] onto handler of type [class org.springframework.web.servlet.resource.ResourceHttpRequestHandler]
Mapped URL path [/**] onto handler of type [class org.springframework.web.servlet.resource.ResourceHttpRequestHandler]
Mapped URL path [/**/favicon.ico] onto handler of type [class org.springframework.web.servlet.resource.ResourceHttpRequestHandler]
ClassTemplateLoader for Spring macros added to FreeMarker configuration
Unable to start LiveReload server
Registering beans for JMX exposure on startup
Initializing ProtocolHandler ["http-nio-8081"]
Starting ProtocolHandler ["http-nio-8081"]
Using a shared selector for servlet write/read
Tomcat started on port(s): 8081 (http)
Started SellApplication in 10.299 seconds (JVM running for 12.707)
Initializing Spring FrameworkServlet 'dispatcherServlet'
FrameworkServlet 'dispatcherServlet': initialization started
FrameworkServlet 'dispatcherServlet': initialization completed in 54 ms
HHH000397: Using ASTQueryTranslatorFactory
Closing org.springframework.boot.context.embedded.AnnotationConfigEmbeddedWebApplicationContext@8aacf3f: startup date [Fri Apr 20 15:57:21 CST 2018]; root of context hierarchy
Unregistering JMX-exposed beans on shutdown
Closing JPA EntityManagerFactory for persistence unit 'default'
Starting SellApplication on macdeMacBook-Air.local with PID 46947 (/Users/mac/idea-workspace/sell/target/classes started by mac in /Users/mac/idea-workspace/sell)
No active profile set, falling back to default profiles: default
Refreshing org.springframework.boot.context.embedded.AnnotationConfigEmbeddedWebApplicationContext@13263a17: startup date [Fri Apr 20 16:05:20 CST 2018]; root of context hierarchy
HV000001: Hibernate Validator 5.3.6.Final
Bean 'org.springframework.transaction.annotation.ProxyTransactionManagementConfiguration' of type [org.springframework.transaction.annotation.ProxyTransactionManagementConfiguration$$EnhancerBySpringCGLIB$$38afbc1] is not eligible for getting processed by all BeanPostProcessors (for example: not eligible for auto-proxying)
Tomcat initialized with port(s): 8081 (http)
Starting service [Tomcat]
Starting Servlet Engine: Apache Tomcat/8.5.27
Initializing Spring embedded WebApplicationContext
Root WebApplicationContext: initialization completed in 5071 ms
Mapping servlet: 'dispatcherServlet' to [/]
Mapping filter: 'characterEncodingFilter' to: [/*]
Mapping filter: 'hiddenHttpMethodFilter' to: [/*]
Mapping filter: 'httpPutFormContentFilter' to: [/*]
Mapping filter: 'requestContextFilter' to: [/*]
Building JPA container EntityManagerFactory for persistence unit 'default'
HHH000204: Processing PersistenceUnitInfo [
	name: default
	...]
HHH000412: Hibernate Core {5.0.12.Final}
HHH000206: hibernate.properties not found
HHH000021: Bytecode provider name : javassist
HCANN000001: Hibernate Commons Annotations {5.0.1.Final}
HHH000400: Using dialect: org.hibernate.dialect.MySQL5Dialect
HHH000228: Running hbm2ddl schema update
Initialized JPA EntityManagerFactory for persistence unit 'default'
Looking for @ControllerAdvice: org.springframework.boot.context.embedded.AnnotationConfigEmbeddedWebApplicationContext@13263a17: startup date [Fri Apr 20 16:05:20 CST 2018]; root of context hierarchy
Mapped "{[/buyer/order/create],methods=[POST]}" onto public com.example.demo.VO.ResultVO<java.util.Map<java.lang.String, java.lang.String>> com.example.demo.controller.BuyerOrderController.create(com.example.demo.form.OrderForm,org.springframework.validation.BindingResult)
Mapped "{[/buyer/order/list],methods=[GET]}" onto public com.example.demo.VO.ResultVO<com.example.demo.dto.OrderDTO> com.example.demo.controller.BuyerOrderController.list(java.lang.String,java.lang.Integer,java.lang.Integer)
Mapped "{[/buyer/order/detail],methods=[GET]}" onto public com.example.demo.VO.ResultVO<com.example.demo.dto.OrderDTO> com.example.demo.controller.BuyerOrderController.detail(java.lang.String,java.lang.String)
Mapped "{[/buyer/order/cancel],methods=[POST]}" onto public com.example.demo.VO.ResultVO com.example.demo.controller.BuyerOrderController.cancel(java.lang.String,java.lang.String)
Mapped "{[/buyer/product/list],methods=[GET]}" onto public com.example.demo.VO.ResultVO com.example.demo.controller.BuyerProductController.list()
Mapped "{[/seller/category/list]}" onto public org.springframework.web.servlet.ModelAndView com.example.demo.controller.SellCategoryController.list(java.util.Map<java.lang.String, java.lang.Object>)
Mapped "{[/seller/category/save]}" onto public org.springframework.web.servlet.ModelAndView com.example.demo.controller.SellCategoryController.save(com.example.demo.form.CategoryForm,org.springframework.validation.BindingResult,java.util.Map<java.lang.String, java.lang.Object>)
Mapped "{[/seller/category/modify]}" onto public org.springframework.web.servlet.ModelAndView com.example.demo.controller.SellCategoryController.modify(java.lang.Integer,java.util.Map<java.lang.String, java.lang.Object>)
Mapped "{[/seller/order/list],methods=[GET]}" onto public org.springframework.web.servlet.ModelAndView com.example.demo.controller.SellerOrderController.list(java.lang.Integer,java.lang.Integer,java.util.Map<java.lang.String, java.lang.Object>)
Mapped "{[/seller/order/detail],methods=[GET]}" onto public org.springframework.web.servlet.ModelAndView com.example.demo.controller.SellerOrderController.detail(java.lang.String,java.util.Map<java.lang.String, java.lang.Object>)
Mapped "{[/seller/order/finish],methods=[GET]}" onto public org.springframework.web.servlet.ModelAndView com.example.demo.controller.SellerOrderController.finish(java.lang.String,java.util.Map<java.lang.String, java.lang.Object>)
Mapped "{[/seller/order/cancel],methods=[GET]}" onto public org.springframework.web.servlet.ModelAndView com.example.demo.controller.SellerOrderController.cancel(java.lang.String,java.util.Map<java.lang.String, java.lang.Object>)
Mapped "{[/seller/product/modify]}" onto public org.springframework.web.servlet.ModelAndView com.example.demo.controller.SellerProductController.index(java.lang.String,java.util.Map<java.lang.String, java.lang.Object>)
Mapped "{[/seller/product/list],methods=[GET]}" onto public org.springframework.web.servlet.ModelAndView com.example.demo.controller.SellerProductController.list(java.lang.Integer,java.lang.Integer,java.util.Map<java.lang.String, java.lang.Object>)
Mapped "{[/seller/product/save],methods=[POST]}" onto public org.springframework.web.servlet.ModelAndView com.example.demo.controller.SellerProductController.save(com.example.demo.form.ProductForm,org.springframework.validation.BindingResult,java.util.Map<java.lang.String, java.lang.Object>)
Mapped "{[/seller/product/off_sale]}" onto public org.springframework.web.servlet.ModelAndView com.example.demo.controller.SellerProductController.offSale(java.lang.String,java.util.Map<java.lang.String, java.lang.Object>)
Mapped "{[/seller/product/on_sale]}" onto public org.springframework.web.servlet.ModelAndView com.example.demo.controller.SellerProductController.onSale(java.lang.String,java.util.Map<java.lang.String, java.lang.Object>)
Mapped "{[/error]}" onto public org.springframework.http.ResponseEntity<java.util.Map<java.lang.String, java.lang.Object>> org.springframework.boot.autoconfigure.web.BasicErrorController.error(javax.servlet.http.HttpServletRequest)
Mapped "{[/error],produces=[text/html]}" onto public org.springframework.web.servlet.ModelAndView org.springframework.boot.autoconfigure.web.BasicErrorController.errorHtml(javax.servlet.http.HttpServletRequest,javax.servlet.http.HttpServletResponse)
Mapped URL path [/webjars/**] onto handler of type [class org.springframework.web.servlet.resource.ResourceHttpRequestHandler]
Mapped URL path [/**] onto handler of type [class org.springframework.web.servlet.resource.ResourceHttpRequestHandler]
Mapped URL path [/**/favicon.ico] onto handler of type [class org.springframework.web.servlet.resource.ResourceHttpRequestHandler]
ClassTemplateLoader for Spring macros added to FreeMarker configuration
Unable to start LiveReload server
Registering beans for JMX exposure on startup
Initializing ProtocolHandler ["http-nio-8081"]
Starting ProtocolHandler ["http-nio-8081"]
Using a shared selector for servlet write/read
Tomcat started on port(s): 8081 (http)
Started SellApplication in 12.454 seconds (JVM running for 14.771)
Initializing Spring FrameworkServlet 'dispatcherServlet'
FrameworkServlet 'dispatcherServlet': initialization started
FrameworkServlet 'dispatcherServlet': initialization completed in 32 ms
HHH000397: Using ASTQueryTranslatorFactory
Closing org.springframework.boot.context.embedded.AnnotationConfigEmbeddedWebApplicationContext@13263a17: startup date [Fri Apr 20 16:05:20 CST 2018]; root of context hierarchy
Unregistering JMX-exposed beans on shutdown
Closing JPA EntityManagerFactory for persistence unit 'default'
Starting SellApplication on macdeMacBook-Air.local with PID 48701 (/Users/mac/idea-workspace/sell/target/classes started by mac in /Users/mac/idea-workspace/sell)
No active profile set, falling back to default profiles: default
Refreshing org.springframework.boot.context.embedded.AnnotationConfigEmbeddedWebApplicationContext@2016d8a9: startup date [Fri Apr 20 16:13:42 CST 2018]; root of context hierarchy
HV000001: Hibernate Validator 5.3.6.Final
Bean 'org.springframework.transaction.annotation.ProxyTransactionManagementConfiguration' of type [org.springframework.transaction.annotation.ProxyTransactionManagementConfiguration$$EnhancerBySpringCGLIB$$11ef5d08] is not eligible for getting processed by all BeanPostProcessors (for example: not eligible for auto-proxying)
Tomcat initialized with port(s): 8081 (http)
Starting service [Tomcat]
Starting Servlet Engine: Apache Tomcat/8.5.27
Initializing Spring embedded WebApplicationContext
Root WebApplicationContext: initialization completed in 6132 ms
Mapping servlet: 'dispatcherServlet' to [/]
Mapping filter: 'characterEncodingFilter' to: [/*]
Mapping filter: 'hiddenHttpMethodFilter' to: [/*]
Mapping filter: 'httpPutFormContentFilter' to: [/*]
Mapping filter: 'requestContextFilter' to: [/*]
Building JPA container EntityManagerFactory for persistence unit 'default'
HHH000204: Processing PersistenceUnitInfo [
	name: default
	...]
HHH000412: Hibernate Core {5.0.12.Final}
HHH000206: hibernate.properties not found
HHH000021: Bytecode provider name : javassist
HCANN000001: Hibernate Commons Annotations {5.0.1.Final}
HHH000400: Using dialect: org.hibernate.dialect.MySQL5Dialect
HHH000228: Running hbm2ddl schema update
Initialized JPA EntityManagerFactory for persistence unit 'default'
Looking for @ControllerAdvice: org.springframework.boot.context.embedded.AnnotationConfigEmbeddedWebApplicationContext@2016d8a9: startup date [Fri Apr 20 16:13:42 CST 2018]; root of context hierarchy
Mapped "{[/buyer/order/create],methods=[POST]}" onto public com.example.demo.VO.ResultVO<java.util.Map<java.lang.String, java.lang.String>> com.example.demo.controller.BuyerOrderController.create(com.example.demo.form.OrderForm,org.springframework.validation.BindingResult)
Mapped "{[/buyer/order/list],methods=[GET]}" onto public com.example.demo.VO.ResultVO<com.example.demo.dto.OrderDTO> com.example.demo.controller.BuyerOrderController.list(java.lang.String,java.lang.Integer,java.lang.Integer)
Mapped "{[/buyer/order/detail],methods=[GET]}" onto public com.example.demo.VO.ResultVO<com.example.demo.dto.OrderDTO> com.example.demo.controller.BuyerOrderController.detail(java.lang.String,java.lang.String)
Mapped "{[/buyer/order/cancel],methods=[POST]}" onto public com.example.demo.VO.ResultVO com.example.demo.controller.BuyerOrderController.cancel(java.lang.String,java.lang.String)
Mapped "{[/buyer/product/list],methods=[GET]}" onto public com.example.demo.VO.ResultVO com.example.demo.controller.BuyerProductController.list()
Mapped "{[/seller/category/list]}" onto public org.springframework.web.servlet.ModelAndView com.example.demo.controller.SellCategoryController.list(java.util.Map<java.lang.String, java.lang.Object>)
Mapped "{[/seller/category/save]}" onto public org.springframework.web.servlet.ModelAndView com.example.demo.controller.SellCategoryController.save(com.example.demo.form.CategoryForm,org.springframework.validation.BindingResult,java.util.Map<java.lang.String, java.lang.Object>)
Mapped "{[/seller/category/modify]}" onto public org.springframework.web.servlet.ModelAndView com.example.demo.controller.SellCategoryController.modify(java.lang.Integer,java.util.Map<java.lang.String, java.lang.Object>)
Mapped "{[/seller/order/list],methods=[GET]}" onto public org.springframework.web.servlet.ModelAndView com.example.demo.controller.SellerOrderController.list(java.lang.Integer,java.lang.Integer,java.util.Map<java.lang.String, java.lang.Object>)
Mapped "{[/seller/order/detail],methods=[GET]}" onto public org.springframework.web.servlet.ModelAndView com.example.demo.controller.SellerOrderController.detail(java.lang.String,java.util.Map<java.lang.String, java.lang.Object>)
Mapped "{[/seller/order/finish],methods=[GET]}" onto public org.springframework.web.servlet.ModelAndView com.example.demo.controller.SellerOrderController.finish(java.lang.String,java.util.Map<java.lang.String, java.lang.Object>)
Mapped "{[/seller/order/cancel],methods=[GET]}" onto public org.springframework.web.servlet.ModelAndView com.example.demo.controller.SellerOrderController.cancel(java.lang.String,java.util.Map<java.lang.String, java.lang.Object>)
Mapped "{[/seller/product/modify]}" onto public org.springframework.web.servlet.ModelAndView com.example.demo.controller.SellerProductController.index(java.lang.String,java.util.Map<java.lang.String, java.lang.Object>)
Mapped "{[/seller/product/list],methods=[GET]}" onto public org.springframework.web.servlet.ModelAndView com.example.demo.controller.SellerProductController.list(java.lang.Integer,java.lang.Integer,java.util.Map<java.lang.String, java.lang.Object>)
Mapped "{[/seller/product/save],methods=[POST]}" onto public org.springframework.web.servlet.ModelAndView com.example.demo.controller.SellerProductController.save(com.example.demo.form.ProductForm,org.springframework.validation.BindingResult,java.util.Map<java.lang.String, java.lang.Object>)
Mapped "{[/seller/product/on_sale]}" onto public org.springframework.web.servlet.ModelAndView com.example.demo.controller.SellerProductController.onSale(java.lang.String,java.util.Map<java.lang.String, java.lang.Object>)
Mapped "{[/seller/product/off_sale]}" onto public org.springframework.web.servlet.ModelAndView com.example.demo.controller.SellerProductController.offSale(java.lang.String,java.util.Map<java.lang.String, java.lang.Object>)
Mapped "{[/error]}" onto public org.springframework.http.ResponseEntity<java.util.Map<java.lang.String, java.lang.Object>> org.springframework.boot.autoconfigure.web.BasicErrorController.error(javax.servlet.http.HttpServletRequest)
Mapped "{[/error],produces=[text/html]}" onto public org.springframework.web.servlet.ModelAndView org.springframework.boot.autoconfigure.web.BasicErrorController.errorHtml(javax.servlet.http.HttpServletRequest,javax.servlet.http.HttpServletResponse)
Mapped URL path [/webjars/**] onto handler of type [class org.springframework.web.servlet.resource.ResourceHttpRequestHandler]
Mapped URL path [/**] onto handler of type [class org.springframework.web.servlet.resource.ResourceHttpRequestHandler]
Mapped URL path [/**/favicon.ico] onto handler of type [class org.springframework.web.servlet.resource.ResourceHttpRequestHandler]
ClassTemplateLoader for Spring macros added to FreeMarker configuration
Unable to start LiveReload server
Registering beans for JMX exposure on startup
Initializing ProtocolHandler ["http-nio-8081"]
Starting ProtocolHandler ["http-nio-8081"]
Using a shared selector for servlet write/read
Tomcat started on port(s): 8081 (http)
Started SellApplication in 14.262 seconds (JVM running for 17.411)
Initializing Spring FrameworkServlet 'dispatcherServlet'
FrameworkServlet 'dispatcherServlet': initialization started
FrameworkServlet 'dispatcherServlet': initialization completed in 307 ms
HHH000397: Using ASTQueryTranslatorFactory
Closing org.springframework.boot.context.embedded.AnnotationConfigEmbeddedWebApplicationContext@2016d8a9: startup date [Fri Apr 20 16:13:42 CST 2018]; root of context hierarchy
Unregistering JMX-exposed beans on shutdown
Closing JPA EntityManagerFactory for persistence unit 'default'
Starting SellApplication on macdeMacBook-Air.local with PID 48964 (/Users/mac/idea-workspace/sell/target/classes started by mac in /Users/mac/idea-workspace/sell)
No active profile set, falling back to default profiles: default
Refreshing org.springframework.boot.context.embedded.AnnotationConfigEmbeddedWebApplicationContext@10d2c3e6: startup date [Fri Apr 20 16:15:06 CST 2018]; root of context hierarchy
HV000001: Hibernate Validator 5.3.6.Final
Bean 'org.springframework.transaction.annotation.ProxyTransactionManagementConfiguration' of type [org.springframework.transaction.annotation.ProxyTransactionManagementConfiguration$$EnhancerBySpringCGLIB$$6c5bcdd0] is not eligible for getting processed by all BeanPostProcessors (for example: not eligible for auto-proxying)
Tomcat initialized with port(s): 8081 (http)
Starting service [Tomcat]
Starting Servlet Engine: Apache Tomcat/8.5.27
Initializing Spring embedded WebApplicationContext
Root WebApplicationContext: initialization completed in 7240 ms
Mapping servlet: 'dispatcherServlet' to [/]
Mapping filter: 'characterEncodingFilter' to: [/*]
Mapping filter: 'hiddenHttpMethodFilter' to: [/*]
Mapping filter: 'httpPutFormContentFilter' to: [/*]
Mapping filter: 'requestContextFilter' to: [/*]
Building JPA container EntityManagerFactory for persistence unit 'default'
HHH000204: Processing PersistenceUnitInfo [
	name: default
	...]
HHH000412: Hibernate Core {5.0.12.Final}
HHH000206: hibernate.properties not found
HHH000021: Bytecode provider name : javassist
HCANN000001: Hibernate Commons Annotations {5.0.1.Final}
HHH000400: Using dialect: org.hibernate.dialect.MySQL5Dialect
HHH000228: Running hbm2ddl schema update
Initialized JPA EntityManagerFactory for persistence unit 'default'
Looking for @ControllerAdvice: org.springframework.boot.context.embedded.AnnotationConfigEmbeddedWebApplicationContext@10d2c3e6: startup date [Fri Apr 20 16:15:06 CST 2018]; root of context hierarchy
Mapped "{[/buyer/order/create],methods=[POST]}" onto public com.example.demo.VO.ResultVO<java.util.Map<java.lang.String, java.lang.String>> com.example.demo.controller.BuyerOrderController.create(com.example.demo.form.OrderForm,org.springframework.validation.BindingResult)
Mapped "{[/buyer/order/list],methods=[GET]}" onto public com.example.demo.VO.ResultVO<com.example.demo.dto.OrderDTO> com.example.demo.controller.BuyerOrderController.list(java.lang.String,java.lang.Integer,java.lang.Integer)
Mapped "{[/buyer/order/cancel],methods=[POST]}" onto public com.example.demo.VO.ResultVO com.example.demo.controller.BuyerOrderController.cancel(java.lang.String,java.lang.String)
Mapped "{[/buyer/order/detail],methods=[GET]}" onto public com.example.demo.VO.ResultVO<com.example.demo.dto.OrderDTO> com.example.demo.controller.BuyerOrderController.detail(java.lang.String,java.lang.String)
Mapped "{[/buyer/product/list],methods=[GET]}" onto public com.example.demo.VO.ResultVO com.example.demo.controller.BuyerProductController.list()
Mapped "{[/seller/category/list]}" onto public org.springframework.web.servlet.ModelAndView com.example.demo.controller.SellCategoryController.list(java.util.Map<java.lang.String, java.lang.Object>)
Mapped "{[/seller/category/save]}" onto public org.springframework.web.servlet.ModelAndView com.example.demo.controller.SellCategoryController.save(com.example.demo.form.CategoryForm,org.springframework.validation.BindingResult,java.util.Map<java.lang.String, java.lang.Object>)
Mapped "{[/seller/category/modify]}" onto public org.springframework.web.servlet.ModelAndView com.example.demo.controller.SellCategoryController.modify(java.lang.Integer,java.util.Map<java.lang.String, java.lang.Object>)
Mapped "{[/seller/order/list],methods=[GET]}" onto public org.springframework.web.servlet.ModelAndView com.example.demo.controller.SellerOrderController.list(java.lang.Integer,java.lang.Integer,java.util.Map<java.lang.String, java.lang.Object>)
Mapped "{[/seller/order/finish],methods=[GET]}" onto public org.springframework.web.servlet.ModelAndView com.example.demo.controller.SellerOrderController.finish(java.lang.String,java.util.Map<java.lang.String, java.lang.Object>)
Mapped "{[/seller/order/cancel],methods=[GET]}" onto public org.springframework.web.servlet.ModelAndView com.example.demo.controller.SellerOrderController.cancel(java.lang.String,java.util.Map<java.lang.String, java.lang.Object>)
Mapped "{[/seller/order/detail],methods=[GET]}" onto public org.springframework.web.servlet.ModelAndView com.example.demo.controller.SellerOrderController.detail(java.lang.String,java.util.Map<java.lang.String, java.lang.Object>)
Mapped "{[/seller/product/modify]}" onto public org.springframework.web.servlet.ModelAndView com.example.demo.controller.SellerProductController.index(java.lang.String,java.util.Map<java.lang.String, java.lang.Object>)
Mapped "{[/seller/product/list],methods=[GET]}" onto public org.springframework.web.servlet.ModelAndView com.example.demo.controller.SellerProductController.list(java.lang.Integer,java.lang.Integer,java.util.Map<java.lang.String, java.lang.Object>)
Mapped "{[/seller/product/save],methods=[POST]}" onto public org.springframework.web.servlet.ModelAndView com.example.demo.controller.SellerProductController.save(com.example.demo.form.ProductForm,org.springframework.validation.BindingResult,java.util.Map<java.lang.String, java.lang.Object>)
Mapped "{[/seller/product/on_sale]}" onto public org.springframework.web.servlet.ModelAndView com.example.demo.controller.SellerProductController.onSale(java.lang.String,java.util.Map<java.lang.String, java.lang.Object>)
Mapped "{[/seller/product/off_sale]}" onto public org.springframework.web.servlet.ModelAndView com.example.demo.controller.SellerProductController.offSale(java.lang.String,java.util.Map<java.lang.String, java.lang.Object>)
Mapped "{[/error]}" onto public org.springframework.http.ResponseEntity<java.util.Map<java.lang.String, java.lang.Object>> org.springframework.boot.autoconfigure.web.BasicErrorController.error(javax.servlet.http.HttpServletRequest)
Mapped "{[/error],produces=[text/html]}" onto public org.springframework.web.servlet.ModelAndView org.springframework.boot.autoconfigure.web.BasicErrorController.errorHtml(javax.servlet.http.HttpServletRequest,javax.servlet.http.HttpServletResponse)
Mapped URL path [/webjars/**] onto handler of type [class org.springframework.web.servlet.resource.ResourceHttpRequestHandler]
Mapped URL path [/**] onto handler of type [class org.springframework.web.servlet.resource.ResourceHttpRequestHandler]
Mapped URL path [/**/favicon.ico] onto handler of type [class org.springframework.web.servlet.resource.ResourceHttpRequestHandler]
ClassTemplateLoader for Spring macros added to FreeMarker configuration
Unable to start LiveReload server
Registering beans for JMX exposure on startup
Initializing ProtocolHandler ["http-nio-8081"]
Starting ProtocolHandler ["http-nio-8081"]
Using a shared selector for servlet write/read
Tomcat started on port(s): 8081 (http)
Started SellApplication in 24.298 seconds (JVM running for 29.066)
Initializing Spring FrameworkServlet 'dispatcherServlet'
FrameworkServlet 'dispatcherServlet': initialization started
FrameworkServlet 'dispatcherServlet': initialization completed in 110 ms
HHH000397: Using ASTQueryTranslatorFactory
Closing org.springframework.boot.context.embedded.AnnotationConfigEmbeddedWebApplicationContext@10d2c3e6: startup date [Fri Apr 20 16:15:06 CST 2018]; root of context hierarchy
Unregistering JMX-exposed beans on shutdown
Closing JPA EntityManagerFactory for persistence unit 'default'
Starting SellApplication on macdeMacBook-Air.local with PID 49654 (/Users/mac/idea-workspace/sell/target/classes started by mac in /Users/mac/idea-workspace/sell)
No active profile set, falling back to default profiles: default
Refreshing org.springframework.boot.context.embedded.AnnotationConfigEmbeddedWebApplicationContext@57ad77b9: startup date [Fri Apr 20 16:18:14 CST 2018]; root of context hierarchy
HV000001: Hibernate Validator 5.3.6.Final
Bean 'org.springframework.transaction.annotation.ProxyTransactionManagementConfiguration' of type [org.springframework.transaction.annotation.ProxyTransactionManagementConfiguration$$EnhancerBySpringCGLIB$$176ee94f] is not eligible for getting processed by all BeanPostProcessors (for example: not eligible for auto-proxying)
Tomcat initialized with port(s): 8081 (http)
Starting service [Tomcat]
Starting Servlet Engine: Apache Tomcat/8.5.27
Initializing Spring embedded WebApplicationContext
Root WebApplicationContext: initialization completed in 3866 ms
Mapping servlet: 'dispatcherServlet' to [/]
Mapping filter: 'characterEncodingFilter' to: [/*]
Mapping filter: 'hiddenHttpMethodFilter' to: [/*]
Mapping filter: 'httpPutFormContentFilter' to: [/*]
Mapping filter: 'requestContextFilter' to: [/*]
Building JPA container EntityManagerFactory for persistence unit 'default'
HHH000204: Processing PersistenceUnitInfo [
	name: default
	...]
HHH000412: Hibernate Core {5.0.12.Final}
HHH000206: hibernate.properties not found
HHH000021: Bytecode provider name : javassist
HCANN000001: Hibernate Commons Annotations {5.0.1.Final}
HHH000400: Using dialect: org.hibernate.dialect.MySQL5Dialect
HHH000228: Running hbm2ddl schema update
Initialized JPA EntityManagerFactory for persistence unit 'default'
Looking for @ControllerAdvice: org.springframework.boot.context.embedded.AnnotationConfigEmbeddedWebApplicationContext@57ad77b9: startup date [Fri Apr 20 16:18:14 CST 2018]; root of context hierarchy
Mapped "{[/buyer/order/create],methods=[POST]}" onto public com.example.demo.VO.ResultVO<java.util.Map<java.lang.String, java.lang.String>> com.example.demo.controller.BuyerOrderController.create(com.example.demo.form.OrderForm,org.springframework.validation.BindingResult)
Mapped "{[/buyer/order/list],methods=[GET]}" onto public com.example.demo.VO.ResultVO<com.example.demo.dto.OrderDTO> com.example.demo.controller.BuyerOrderController.list(java.lang.String,java.lang.Integer,java.lang.Integer)
Mapped "{[/buyer/order/cancel],methods=[POST]}" onto public com.example.demo.VO.ResultVO com.example.demo.controller.BuyerOrderController.cancel(java.lang.String,java.lang.String)
Mapped "{[/buyer/order/detail],methods=[GET]}" onto public com.example.demo.VO.ResultVO<com.example.demo.dto.OrderDTO> com.example.demo.controller.BuyerOrderController.detail(java.lang.String,java.lang.String)
Mapped "{[/buyer/product/list],methods=[GET]}" onto public com.example.demo.VO.ResultVO com.example.demo.controller.BuyerProductController.list()
Mapped "{[/seller/category/list]}" onto public org.springframework.web.servlet.ModelAndView com.example.demo.controller.SellCategoryController.list(java.util.Map<java.lang.String, java.lang.Object>)
Mapped "{[/seller/category/save]}" onto public org.springframework.web.servlet.ModelAndView com.example.demo.controller.SellCategoryController.save(com.example.demo.form.CategoryForm,org.springframework.validation.BindingResult,java.util.Map<java.lang.String, java.lang.Object>)
Mapped "{[/seller/category/modify]}" onto public org.springframework.web.servlet.ModelAndView com.example.demo.controller.SellCategoryController.modify(java.lang.Integer,java.util.Map<java.lang.String, java.lang.Object>)
Mapped "{[/seller/order/list],methods=[GET]}" onto public org.springframework.web.servlet.ModelAndView com.example.demo.controller.SellerOrderController.list(java.lang.Integer,java.lang.Integer,java.util.Map<java.lang.String, java.lang.Object>)
Mapped "{[/seller/order/cancel],methods=[GET]}" onto public org.springframework.web.servlet.ModelAndView com.example.demo.controller.SellerOrderController.cancel(java.lang.String,java.util.Map<java.lang.String, java.lang.Object>)
Mapped "{[/seller/order/detail],methods=[GET]}" onto public org.springframework.web.servlet.ModelAndView com.example.demo.controller.SellerOrderController.detail(java.lang.String,java.util.Map<java.lang.String, java.lang.Object>)
Mapped "{[/seller/order/finish],methods=[GET]}" onto public org.springframework.web.servlet.ModelAndView com.example.demo.controller.SellerOrderController.finish(java.lang.String,java.util.Map<java.lang.String, java.lang.Object>)
Mapped "{[/seller/product/modify]}" onto public org.springframework.web.servlet.ModelAndView com.example.demo.controller.SellerProductController.index(java.lang.String,java.util.Map<java.lang.String, java.lang.Object>)
Mapped "{[/seller/product/list],methods=[GET]}" onto public org.springframework.web.servlet.ModelAndView com.example.demo.controller.SellerProductController.list(java.lang.Integer,java.lang.Integer,java.util.Map<java.lang.String, java.lang.Object>)
Mapped "{[/seller/product/save],methods=[POST]}" onto public org.springframework.web.servlet.ModelAndView com.example.demo.controller.SellerProductController.save(com.example.demo.form.ProductForm,org.springframework.validation.BindingResult,java.util.Map<java.lang.String, java.lang.Object>)
Mapped "{[/seller/product/on_sale]}" onto public org.springframework.web.servlet.ModelAndView com.example.demo.controller.SellerProductController.onSale(java.lang.String,java.util.Map<java.lang.String, java.lang.Object>)
Mapped "{[/seller/product/off_sale]}" onto public org.springframework.web.servlet.ModelAndView com.example.demo.controller.SellerProductController.offSale(java.lang.String,java.util.Map<java.lang.String, java.lang.Object>)
Mapped "{[/error]}" onto public org.springframework.http.ResponseEntity<java.util.Map<java.lang.String, java.lang.Object>> org.springframework.boot.autoconfigure.web.BasicErrorController.error(javax.servlet.http.HttpServletRequest)
Mapped "{[/error],produces=[text/html]}" onto public org.springframework.web.servlet.ModelAndView org.springframework.boot.autoconfigure.web.BasicErrorController.errorHtml(javax.servlet.http.HttpServletRequest,javax.servlet.http.HttpServletResponse)
Mapped URL path [/webjars/**] onto handler of type [class org.springframework.web.servlet.resource.ResourceHttpRequestHandler]
Mapped URL path [/**] onto handler of type [class org.springframework.web.servlet.resource.ResourceHttpRequestHandler]
Mapped URL path [/**/favicon.ico] onto handler of type [class org.springframework.web.servlet.resource.ResourceHttpRequestHandler]
ClassTemplateLoader for Spring macros added to FreeMarker configuration
Unable to start LiveReload server
Registering beans for JMX exposure on startup
Initializing ProtocolHandler ["http-nio-8081"]
Starting ProtocolHandler ["http-nio-8081"]
Using a shared selector for servlet write/read
Tomcat started on port(s): 8081 (http)
Started SellApplication in 11.073 seconds (JVM running for 12.834)
Initializing Spring FrameworkServlet 'dispatcherServlet'
FrameworkServlet 'dispatcherServlet': initialization started
FrameworkServlet 'dispatcherServlet': initialization completed in 33 ms
HHH000397: Using ASTQueryTranslatorFactory
Closing org.springframework.boot.context.embedded.AnnotationConfigEmbeddedWebApplicationContext@57ad77b9: startup date [Fri Apr 20 16:18:14 CST 2018]; root of context hierarchy
Unregistering JMX-exposed beans on shutdown
Closing JPA EntityManagerFactory for persistence unit 'default'
Starting SellApplication on macdeMacBook-Air.local with PID 50268 (/Users/mac/idea-workspace/sell/target/classes started by mac in /Users/mac/idea-workspace/sell)
No active profile set, falling back to default profiles: default
Refreshing org.springframework.boot.context.embedded.AnnotationConfigEmbeddedWebApplicationContext@c94fbef: startup date [Fri Apr 20 16:21:39 CST 2018]; root of context hierarchy
HV000001: Hibernate Validator 5.3.6.Final
Bean 'org.springframework.transaction.annotation.ProxyTransactionManagementConfiguration' of type [org.springframework.transaction.annotation.ProxyTransactionManagementConfiguration$$EnhancerBySpringCGLIB$$7f426e9f] is not eligible for getting processed by all BeanPostProcessors (for example: not eligible for auto-proxying)
Tomcat initialized with port(s): 8081 (http)
Starting service [Tomcat]
Starting Servlet Engine: Apache Tomcat/8.5.27
Initializing Spring embedded WebApplicationContext
Root WebApplicationContext: initialization completed in 4938 ms
Mapping servlet: 'dispatcherServlet' to [/]
Mapping filter: 'characterEncodingFilter' to: [/*]
Mapping filter: 'hiddenHttpMethodFilter' to: [/*]
Mapping filter: 'httpPutFormContentFilter' to: [/*]
Mapping filter: 'requestContextFilter' to: [/*]
Building JPA container EntityManagerFactory for persistence unit 'default'
HHH000204: Processing PersistenceUnitInfo [
	name: default
	...]
HHH000412: Hibernate Core {5.0.12.Final}
HHH000206: hibernate.properties not found
HHH000021: Bytecode provider name : javassist
HCANN000001: Hibernate Commons Annotations {5.0.1.Final}
HHH000400: Using dialect: org.hibernate.dialect.MySQL5Dialect
HHH000228: Running hbm2ddl schema update
Initialized JPA EntityManagerFactory for persistence unit 'default'
Looking for @ControllerAdvice: org.springframework.boot.context.embedded.AnnotationConfigEmbeddedWebApplicationContext@c94fbef: startup date [Fri Apr 20 16:21:39 CST 2018]; root of context hierarchy
Mapped "{[/buyer/order/create],methods=[POST]}" onto public com.example.demo.VO.ResultVO<java.util.Map<java.lang.String, java.lang.String>> com.example.demo.controller.BuyerOrderController.create(com.example.demo.form.OrderForm,org.springframework.validation.BindingResult)
Mapped "{[/buyer/order/list],methods=[GET]}" onto public com.example.demo.VO.ResultVO<com.example.demo.dto.OrderDTO> com.example.demo.controller.BuyerOrderController.list(java.lang.String,java.lang.Integer,java.lang.Integer)
Mapped "{[/buyer/order/detail],methods=[GET]}" onto public com.example.demo.VO.ResultVO<com.example.demo.dto.OrderDTO> com.example.demo.controller.BuyerOrderController.detail(java.lang.String,java.lang.String)
Mapped "{[/buyer/order/cancel],methods=[POST]}" onto public com.example.demo.VO.ResultVO com.example.demo.controller.BuyerOrderController.cancel(java.lang.String,java.lang.String)
Mapped "{[/buyer/product/list],methods=[GET]}" onto public com.example.demo.VO.ResultVO com.example.demo.controller.BuyerProductController.list()
Mapped "{[/seller/category/list]}" onto public org.springframework.web.servlet.ModelAndView com.example.demo.controller.SellCategoryController.list(java.util.Map<java.lang.String, java.lang.Object>)
Mapped "{[/seller/category/save]}" onto public org.springframework.web.servlet.ModelAndView com.example.demo.controller.SellCategoryController.save(com.example.demo.form.CategoryForm,org.springframework.validation.BindingResult,java.util.Map<java.lang.String, java.lang.Object>)
Mapped "{[/seller/category/modify]}" onto public org.springframework.web.servlet.ModelAndView com.example.demo.controller.SellCategoryController.modify(java.lang.Integer,java.util.Map<java.lang.String, java.lang.Object>)
Mapped "{[/seller/order/list],methods=[GET]}" onto public org.springframework.web.servlet.ModelAndView com.example.demo.controller.SellerOrderController.list(java.lang.Integer,java.lang.Integer,java.util.Map<java.lang.String, java.lang.Object>)
Mapped "{[/seller/order/detail],methods=[GET]}" onto public org.springframework.web.servlet.ModelAndView com.example.demo.controller.SellerOrderController.detail(java.lang.String,java.util.Map<java.lang.String, java.lang.Object>)
Mapped "{[/seller/order/cancel],methods=[GET]}" onto public org.springframework.web.servlet.ModelAndView com.example.demo.controller.SellerOrderController.cancel(java.lang.String,java.util.Map<java.lang.String, java.lang.Object>)
Mapped "{[/seller/order/finish],methods=[GET]}" onto public org.springframework.web.servlet.ModelAndView com.example.demo.controller.SellerOrderController.finish(java.lang.String,java.util.Map<java.lang.String, java.lang.Object>)
Mapped "{[/seller/product/modify]}" onto public org.springframework.web.servlet.ModelAndView com.example.demo.controller.SellerProductController.index(java.lang.String,java.util.Map<java.lang.String, java.lang.Object>)
Mapped "{[/seller/product/list],methods=[GET]}" onto public org.springframework.web.servlet.ModelAndView com.example.demo.controller.SellerProductController.list(java.lang.Integer,java.lang.Integer,java.util.Map<java.lang.String, java.lang.Object>)
Mapped "{[/seller/product/save],methods=[POST]}" onto public org.springframework.web.servlet.ModelAndView com.example.demo.controller.SellerProductController.save(com.example.demo.form.ProductForm,org.springframework.validation.BindingResult,java.util.Map<java.lang.String, java.lang.Object>)
Mapped "{[/seller/product/on_sale]}" onto public org.springframework.web.servlet.ModelAndView com.example.demo.controller.SellerProductController.onSale(java.lang.String,java.util.Map<java.lang.String, java.lang.Object>)
Mapped "{[/seller/product/off_sale]}" onto public org.springframework.web.servlet.ModelAndView com.example.demo.controller.SellerProductController.offSale(java.lang.String,java.util.Map<java.lang.String, java.lang.Object>)
Mapped "{[/error]}" onto public org.springframework.http.ResponseEntity<java.util.Map<java.lang.String, java.lang.Object>> org.springframework.boot.autoconfigure.web.BasicErrorController.error(javax.servlet.http.HttpServletRequest)
Mapped "{[/error],produces=[text/html]}" onto public org.springframework.web.servlet.ModelAndView org.springframework.boot.autoconfigure.web.BasicErrorController.errorHtml(javax.servlet.http.HttpServletRequest,javax.servlet.http.HttpServletResponse)
Mapped URL path [/webjars/**] onto handler of type [class org.springframework.web.servlet.resource.ResourceHttpRequestHandler]
Mapped URL path [/**] onto handler of type [class org.springframework.web.servlet.resource.ResourceHttpRequestHandler]
Mapped URL path [/**/favicon.ico] onto handler of type [class org.springframework.web.servlet.resource.ResourceHttpRequestHandler]
ClassTemplateLoader for Spring macros added to FreeMarker configuration
Unable to start LiveReload server
Registering beans for JMX exposure on startup
Initializing ProtocolHandler ["http-nio-8081"]
Starting ProtocolHandler ["http-nio-8081"]
Using a shared selector for servlet write/read
Tomcat started on port(s): 8081 (http)
Started SellApplication in 14.837 seconds (JVM running for 17.096)
Initializing Spring FrameworkServlet 'dispatcherServlet'
FrameworkServlet 'dispatcherServlet': initialization started
FrameworkServlet 'dispatcherServlet': initialization completed in 102 ms
HHH000397: Using ASTQueryTranslatorFactory
Closing org.springframework.boot.context.embedded.AnnotationConfigEmbeddedWebApplicationContext@c94fbef: startup date [Fri Apr 20 16:21:39 CST 2018]; root of context hierarchy
Unregistering JMX-exposed beans on shutdown
Closing JPA EntityManagerFactory for persistence unit 'default'
Starting SellApplication on macdeMacBook-Air.local with PID 52077 (/Users/mac/idea-workspace/sell/target/classes started by mac in /Users/mac/idea-workspace/sell)
No active profile set, falling back to default profiles: default
Refreshing org.springframework.boot.context.embedded.AnnotationConfigEmbeddedWebApplicationContext@5cb0bba8: startup date [Fri Apr 20 16:30:56 CST 2018]; root of context hierarchy
HV000001: Hibernate Validator 5.3.6.Final
Bean 'org.springframework.transaction.annotation.ProxyTransactionManagementConfiguration' of type [org.springframework.transaction.annotation.ProxyTransactionManagementConfiguration$$EnhancerBySpringCGLIB$$eeb04565] is not eligible for getting processed by all BeanPostProcessors (for example: not eligible for auto-proxying)
Tomcat initialized with port(s): 8081 (http)
Starting service [Tomcat]
Starting Servlet Engine: Apache Tomcat/8.5.27
Initializing Spring embedded WebApplicationContext
Root WebApplicationContext: initialization completed in 4253 ms
Mapping servlet: 'dispatcherServlet' to [/]
Mapping filter: 'characterEncodingFilter' to: [/*]
Mapping filter: 'hiddenHttpMethodFilter' to: [/*]
Mapping filter: 'httpPutFormContentFilter' to: [/*]
Mapping filter: 'requestContextFilter' to: [/*]
Building JPA container EntityManagerFactory for persistence unit 'default'
HHH000204: Processing PersistenceUnitInfo [
	name: default
	...]
HHH000412: Hibernate Core {5.0.12.Final}
HHH000206: hibernate.properties not found
HHH000021: Bytecode provider name : javassist
HCANN000001: Hibernate Commons Annotations {5.0.1.Final}
HHH000400: Using dialect: org.hibernate.dialect.MySQL5Dialect
HHH000228: Running hbm2ddl schema update
Initialized JPA EntityManagerFactory for persistence unit 'default'
Looking for @ControllerAdvice: org.springframework.boot.context.embedded.AnnotationConfigEmbeddedWebApplicationContext@5cb0bba8: startup date [Fri Apr 20 16:30:56 CST 2018]; root of context hierarchy
Mapped "{[/buyer/order/create],methods=[POST]}" onto public com.example.demo.VO.ResultVO<java.util.Map<java.lang.String, java.lang.String>> com.example.demo.controller.BuyerOrderController.create(com.example.demo.form.OrderForm,org.springframework.validation.BindingResult)
Mapped "{[/buyer/order/list],methods=[GET]}" onto public com.example.demo.VO.ResultVO<com.example.demo.dto.OrderDTO> com.example.demo.controller.BuyerOrderController.list(java.lang.String,java.lang.Integer,java.lang.Integer)
Mapped "{[/buyer/order/detail],methods=[GET]}" onto public com.example.demo.VO.ResultVO<com.example.demo.dto.OrderDTO> com.example.demo.controller.BuyerOrderController.detail(java.lang.String,java.lang.String)
Mapped "{[/buyer/order/cancel],methods=[POST]}" onto public com.example.demo.VO.ResultVO com.example.demo.controller.BuyerOrderController.cancel(java.lang.String,java.lang.String)
Mapped "{[/buyer/product/list],methods=[GET]}" onto public com.example.demo.VO.ResultVO com.example.demo.controller.BuyerProductController.list()
Mapped "{[/seller/category/list]}" onto public org.springframework.web.servlet.ModelAndView com.example.demo.controller.SellCategoryController.list(java.util.Map<java.lang.String, java.lang.Object>)
Mapped "{[/seller/category/save]}" onto public org.springframework.web.servlet.ModelAndView com.example.demo.controller.SellCategoryController.save(com.example.demo.form.CategoryForm,org.springframework.validation.BindingResult,java.util.Map<java.lang.String, java.lang.Object>)
Mapped "{[/seller/category/modify]}" onto public org.springframework.web.servlet.ModelAndView com.example.demo.controller.SellCategoryController.modify(java.lang.Integer,java.util.Map<java.lang.String, java.lang.Object>)
Mapped "{[/seller/order/list],methods=[GET]}" onto public org.springframework.web.servlet.ModelAndView com.example.demo.controller.SellerOrderController.list(java.lang.Integer,java.lang.Integer,java.util.Map<java.lang.String, java.lang.Object>)
Mapped "{[/seller/order/detail],methods=[GET]}" onto public org.springframework.web.servlet.ModelAndView com.example.demo.controller.SellerOrderController.detail(java.lang.String,java.util.Map<java.lang.String, java.lang.Object>)
Mapped "{[/seller/order/finish],methods=[GET]}" onto public org.springframework.web.servlet.ModelAndView com.example.demo.controller.SellerOrderController.finish(java.lang.String,java.util.Map<java.lang.String, java.lang.Object>)
Mapped "{[/seller/order/cancel],methods=[GET]}" onto public org.springframework.web.servlet.ModelAndView com.example.demo.controller.SellerOrderController.cancel(java.lang.String,java.util.Map<java.lang.String, java.lang.Object>)
Mapped "{[/seller/product/modify]}" onto public org.springframework.web.servlet.ModelAndView com.example.demo.controller.SellerProductController.index(java.lang.String,java.util.Map<java.lang.String, java.lang.Object>)
Mapped "{[/seller/product/list],methods=[GET]}" onto public org.springframework.web.servlet.ModelAndView com.example.demo.controller.SellerProductController.list(java.lang.Integer,java.lang.Integer,java.util.Map<java.lang.String, java.lang.Object>)
Mapped "{[/seller/product/save],methods=[POST]}" onto public org.springframework.web.servlet.ModelAndView com.example.demo.controller.SellerProductController.save(com.example.demo.form.ProductForm,org.springframework.validation.BindingResult,java.util.Map<java.lang.String, java.lang.Object>)
Mapped "{[/seller/product/on_sale]}" onto public org.springframework.web.servlet.ModelAndView com.example.demo.controller.SellerProductController.onSale(java.lang.String,java.util.Map<java.lang.String, java.lang.Object>)
Mapped "{[/seller/product/off_sale]}" onto public org.springframework.web.servlet.ModelAndView com.example.demo.controller.SellerProductController.offSale(java.lang.String,java.util.Map<java.lang.String, java.lang.Object>)
Mapped "{[/error]}" onto public org.springframework.http.ResponseEntity<java.util.Map<java.lang.String, java.lang.Object>> org.springframework.boot.autoconfigure.web.BasicErrorController.error(javax.servlet.http.HttpServletRequest)
Mapped "{[/error],produces=[text/html]}" onto public org.springframework.web.servlet.ModelAndView org.springframework.boot.autoconfigure.web.BasicErrorController.errorHtml(javax.servlet.http.HttpServletRequest,javax.servlet.http.HttpServletResponse)
Mapped URL path [/webjars/**] onto handler of type [class org.springframework.web.servlet.resource.ResourceHttpRequestHandler]
Mapped URL path [/**] onto handler of type [class org.springframework.web.servlet.resource.ResourceHttpRequestHandler]
Mapped URL path [/**/favicon.ico] onto handler of type [class org.springframework.web.servlet.resource.ResourceHttpRequestHandler]
ClassTemplateLoader for Spring macros added to FreeMarker configuration
Unable to start LiveReload server
Registering beans for JMX exposure on startup
Initializing ProtocolHandler ["http-nio-8081"]
Starting ProtocolHandler ["http-nio-8081"]
Using a shared selector for servlet write/read
Tomcat started on port(s): 8081 (http)
Started SellApplication in 12.658 seconds (JVM running for 16.122)
Initializing Spring FrameworkServlet 'dispatcherServlet'
FrameworkServlet 'dispatcherServlet': initialization started
FrameworkServlet 'dispatcherServlet': initialization completed in 85 ms
HHH000397: Using ASTQueryTranslatorFactory
Closing org.springframework.boot.context.embedded.AnnotationConfigEmbeddedWebApplicationContext@5cb0bba8: startup date [Fri Apr 20 16:30:56 CST 2018]; root of context hierarchy
Unregistering JMX-exposed beans on shutdown
Closing JPA EntityManagerFactory for persistence unit 'default'
Starting SellApplication on macdeMacBook-Air.local with PID 52762 (/Users/mac/idea-workspace/sell/target/classes started by mac in /Users/mac/idea-workspace/sell)
No active profile set, falling back to default profiles: default
Refreshing org.springframework.boot.context.embedded.AnnotationConfigEmbeddedWebApplicationContext@2d1ec9a1: startup date [Fri Apr 20 16:34:12 CST 2018]; root of context hierarchy
HV000001: Hibernate Validator 5.3.6.Final
Bean 'org.springframework.transaction.annotation.ProxyTransactionManagementConfiguration' of type [org.springframework.transaction.annotation.ProxyTransactionManagementConfiguration$$EnhancerBySpringCGLIB$$5f2009fb] is not eligible for getting processed by all BeanPostProcessors (for example: not eligible for auto-proxying)
Tomcat initialized with port(s): 8081 (http)
Starting service [Tomcat]
Starting Servlet Engine: Apache Tomcat/8.5.27
Initializing Spring embedded WebApplicationContext
Root WebApplicationContext: initialization completed in 4888 ms
Mapping servlet: 'dispatcherServlet' to [/]
Mapping filter: 'characterEncodingFilter' to: [/*]
Mapping filter: 'hiddenHttpMethodFilter' to: [/*]
Mapping filter: 'httpPutFormContentFilter' to: [/*]
Mapping filter: 'requestContextFilter' to: [/*]
Building JPA container EntityManagerFactory for persistence unit 'default'
HHH000204: Processing PersistenceUnitInfo [
	name: default
	...]
HHH000412: Hibernate Core {5.0.12.Final}
HHH000206: hibernate.properties not found
HHH000021: Bytecode provider name : javassist
HCANN000001: Hibernate Commons Annotations {5.0.1.Final}
HHH000400: Using dialect: org.hibernate.dialect.MySQL5Dialect
HHH000228: Running hbm2ddl schema update
Initialized JPA EntityManagerFactory for persistence unit 'default'
Looking for @ControllerAdvice: org.springframework.boot.context.embedded.AnnotationConfigEmbeddedWebApplicationContext@2d1ec9a1: startup date [Fri Apr 20 16:34:12 CST 2018]; root of context hierarchy
Mapped "{[/buyer/order/create],methods=[POST]}" onto public com.example.demo.VO.ResultVO<java.util.Map<java.lang.String, java.lang.String>> com.example.demo.controller.BuyerOrderController.create(com.example.demo.form.OrderForm,org.springframework.validation.BindingResult)
Mapped "{[/buyer/order/list],methods=[GET]}" onto public com.example.demo.VO.ResultVO<com.example.demo.dto.OrderDTO> com.example.demo.controller.BuyerOrderController.list(java.lang.String,java.lang.Integer,java.lang.Integer)
Mapped "{[/buyer/order/cancel],methods=[POST]}" onto public com.example.demo.VO.ResultVO com.example.demo.controller.BuyerOrderController.cancel(java.lang.String,java.lang.String)
Mapped "{[/buyer/order/detail],methods=[GET]}" onto public com.example.demo.VO.ResultVO<com.example.demo.dto.OrderDTO> com.example.demo.controller.BuyerOrderController.detail(java.lang.String,java.lang.String)
Mapped "{[/buyer/product/list],methods=[GET]}" onto public com.example.demo.VO.ResultVO com.example.demo.controller.BuyerProductController.list()
Mapped "{[/seller/category/list]}" onto public org.springframework.web.servlet.ModelAndView com.example.demo.controller.SellCategoryController.list(java.util.Map<java.lang.String, java.lang.Object>)
Mapped "{[/seller/category/save]}" onto public org.springframework.web.servlet.ModelAndView com.example.demo.controller.SellCategoryController.save(com.example.demo.form.CategoryForm,org.springframework.validation.BindingResult,java.util.Map<java.lang.String, java.lang.Object>)
Mapped "{[/seller/category/modify]}" onto public org.springframework.web.servlet.ModelAndView com.example.demo.controller.SellCategoryController.modify(java.lang.Integer,java.util.Map<java.lang.String, java.lang.Object>)
Mapped "{[/seller/order/list],methods=[GET]}" onto public org.springframework.web.servlet.ModelAndView com.example.demo.controller.SellerOrderController.list(java.lang.Integer,java.lang.Integer,java.util.Map<java.lang.String, java.lang.Object>)
Mapped "{[/seller/order/finish],methods=[GET]}" onto public org.springframework.web.servlet.ModelAndView com.example.demo.controller.SellerOrderController.finish(java.lang.String,java.util.Map<java.lang.String, java.lang.Object>)
Mapped "{[/seller/order/cancel],methods=[GET]}" onto public org.springframework.web.servlet.ModelAndView com.example.demo.controller.SellerOrderController.cancel(java.lang.String,java.util.Map<java.lang.String, java.lang.Object>)
Mapped "{[/seller/order/detail],methods=[GET]}" onto public org.springframework.web.servlet.ModelAndView com.example.demo.controller.SellerOrderController.detail(java.lang.String,java.util.Map<java.lang.String, java.lang.Object>)
Mapped "{[/seller/product/modify]}" onto public org.springframework.web.servlet.ModelAndView com.example.demo.controller.SellerProductController.index(java.lang.String,java.util.Map<java.lang.String, java.lang.Object>)
Mapped "{[/seller/product/list],methods=[GET]}" onto public org.springframework.web.servlet.ModelAndView com.example.demo.controller.SellerProductController.list(java.lang.Integer,java.lang.Integer,java.util.Map<java.lang.String, java.lang.Object>)
Mapped "{[/seller/product/save],methods=[POST]}" onto public org.springframework.web.servlet.ModelAndView com.example.demo.controller.SellerProductController.save(com.example.demo.form.ProductForm,org.springframework.validation.BindingResult,java.util.Map<java.lang.String, java.lang.Object>)
Mapped "{[/seller/product/on_sale]}" onto public org.springframework.web.servlet.ModelAndView com.example.demo.controller.SellerProductController.onSale(java.lang.String,java.util.Map<java.lang.String, java.lang.Object>)
Mapped "{[/seller/product/off_sale]}" onto public org.springframework.web.servlet.ModelAndView com.example.demo.controller.SellerProductController.offSale(java.lang.String,java.util.Map<java.lang.String, java.lang.Object>)
Mapped "{[/error]}" onto public org.springframework.http.ResponseEntity<java.util.Map<java.lang.String, java.lang.Object>> org.springframework.boot.autoconfigure.web.BasicErrorController.error(javax.servlet.http.HttpServletRequest)
Mapped "{[/error],produces=[text/html]}" onto public org.springframework.web.servlet.ModelAndView org.springframework.boot.autoconfigure.web.BasicErrorController.errorHtml(javax.servlet.http.HttpServletRequest,javax.servlet.http.HttpServletResponse)
Mapped URL path [/webjars/**] onto handler of type [class org.springframework.web.servlet.resource.ResourceHttpRequestHandler]
Mapped URL path [/**] onto handler of type [class org.springframework.web.servlet.resource.ResourceHttpRequestHandler]
Mapped URL path [/**/favicon.ico] onto handler of type [class org.springframework.web.servlet.resource.ResourceHttpRequestHandler]
ClassTemplateLoader for Spring macros added to FreeMarker configuration
Unable to start LiveReload server
Registering beans for JMX exposure on startup
Initializing ProtocolHandler ["http-nio-8081"]
Starting ProtocolHandler ["http-nio-8081"]
Using a shared selector for servlet write/read
Tomcat started on port(s): 8081 (http)
Started SellApplication in 11.014 seconds (JVM running for 13.613)
Initializing Spring FrameworkServlet 'dispatcherServlet'
FrameworkServlet 'dispatcherServlet': initialization started
FrameworkServlet 'dispatcherServlet': initialization completed in 58 ms
HHH000397: Using ASTQueryTranslatorFactory
Closing org.springframework.boot.context.embedded.AnnotationConfigEmbeddedWebApplicationContext@2d1ec9a1: startup date [Fri Apr 20 16:34:12 CST 2018]; root of context hierarchy
Unregistering JMX-exposed beans on shutdown
Closing JPA EntityManagerFactory for persistence unit 'default'
Starting SellApplication on macdeMacBook-Air.local with PID 53225 (/Users/mac/idea-workspace/sell/target/classes started by mac in /Users/mac/idea-workspace/sell)
No active profile set, falling back to default profiles: default
Refreshing org.springframework.boot.context.embedded.AnnotationConfigEmbeddedWebApplicationContext@2016d8a9: startup date [Fri Apr 20 16:36:20 CST 2018]; root of context hierarchy
HV000001: Hibernate Validator 5.3.6.Final
Bean 'org.springframework.transaction.annotation.ProxyTransactionManagementConfiguration' of type [org.springframework.transaction.annotation.ProxyTransactionManagementConfiguration$$EnhancerBySpringCGLIB$$c92f5ad8] is not eligible for getting processed by all BeanPostProcessors (for example: not eligible for auto-proxying)
Tomcat initialized with port(s): 8081 (http)
Starting service [Tomcat]
Starting Servlet Engine: Apache Tomcat/8.5.27
Initializing Spring embedded WebApplicationContext
Root WebApplicationContext: initialization completed in 4587 ms
Mapping servlet: 'dispatcherServlet' to [/]
Mapping filter: 'characterEncodingFilter' to: [/*]
Mapping filter: 'hiddenHttpMethodFilter' to: [/*]
Mapping filter: 'httpPutFormContentFilter' to: [/*]
Mapping filter: 'requestContextFilter' to: [/*]
Building JPA container EntityManagerFactory for persistence unit 'default'
HHH000204: Processing PersistenceUnitInfo [
	name: default
	...]
HHH000412: Hibernate Core {5.0.12.Final}
HHH000206: hibernate.properties not found
HHH000021: Bytecode provider name : javassist
HCANN000001: Hibernate Commons Annotations {5.0.1.Final}
HHH000400: Using dialect: org.hibernate.dialect.MySQL5Dialect
HHH000228: Running hbm2ddl schema update
Initialized JPA EntityManagerFactory for persistence unit 'default'
Looking for @ControllerAdvice: org.springframework.boot.context.embedded.AnnotationConfigEmbeddedWebApplicationContext@2016d8a9: startup date [Fri Apr 20 16:36:20 CST 2018]; root of context hierarchy
Mapped "{[/buyer/order/create],methods=[POST]}" onto public com.example.demo.VO.ResultVO<java.util.Map<java.lang.String, java.lang.String>> com.example.demo.controller.BuyerOrderController.create(com.example.demo.form.OrderForm,org.springframework.validation.BindingResult)
Mapped "{[/buyer/order/list],methods=[GET]}" onto public com.example.demo.VO.ResultVO<com.example.demo.dto.OrderDTO> com.example.demo.controller.BuyerOrderController.list(java.lang.String,java.lang.Integer,java.lang.Integer)
Mapped "{[/buyer/order/cancel],methods=[POST]}" onto public com.example.demo.VO.ResultVO com.example.demo.controller.BuyerOrderController.cancel(java.lang.String,java.lang.String)
Mapped "{[/buyer/order/detail],methods=[GET]}" onto public com.example.demo.VO.ResultVO<com.example.demo.dto.OrderDTO> com.example.demo.controller.BuyerOrderController.detail(java.lang.String,java.lang.String)
Mapped "{[/buyer/product/list],methods=[GET]}" onto public com.example.demo.VO.ResultVO com.example.demo.controller.BuyerProductController.list()
Mapped "{[/seller/category/list]}" onto public org.springframework.web.servlet.ModelAndView com.example.demo.controller.SellCategoryController.list(java.util.Map<java.lang.String, java.lang.Object>)
Mapped "{[/seller/category/save]}" onto public org.springframework.web.servlet.ModelAndView com.example.demo.controller.SellCategoryController.save(com.example.demo.form.CategoryForm,org.springframework.validation.BindingResult,java.util.Map<java.lang.String, java.lang.Object>)
Mapped "{[/seller/category/modify]}" onto public org.springframework.web.servlet.ModelAndView com.example.demo.controller.SellCategoryController.modify(java.lang.Integer,java.util.Map<java.lang.String, java.lang.Object>)
Mapped "{[/seller/order/list],methods=[GET]}" onto public org.springframework.web.servlet.ModelAndView com.example.demo.controller.SellerOrderController.list(java.lang.Integer,java.lang.Integer,java.util.Map<java.lang.String, java.lang.Object>)
Mapped "{[/seller/order/cancel],methods=[GET]}" onto public org.springframework.web.servlet.ModelAndView com.example.demo.controller.SellerOrderController.cancel(java.lang.String,java.util.Map<java.lang.String, java.lang.Object>)
Mapped "{[/seller/order/detail],methods=[GET]}" onto public org.springframework.web.servlet.ModelAndView com.example.demo.controller.SellerOrderController.detail(java.lang.String,java.util.Map<java.lang.String, java.lang.Object>)
Mapped "{[/seller/order/finish],methods=[GET]}" onto public org.springframework.web.servlet.ModelAndView com.example.demo.controller.SellerOrderController.finish(java.lang.String,java.util.Map<java.lang.String, java.lang.Object>)
Mapped "{[/seller/product/modify]}" onto public org.springframework.web.servlet.ModelAndView com.example.demo.controller.SellerProductController.index(java.lang.String,java.util.Map<java.lang.String, java.lang.Object>)
Mapped "{[/seller/product/list],methods=[GET]}" onto public org.springframework.web.servlet.ModelAndView com.example.demo.controller.SellerProductController.list(java.lang.Integer,java.lang.Integer,java.util.Map<java.lang.String, java.lang.Object>)
Mapped "{[/seller/product/save],methods=[POST]}" onto public org.springframework.web.servlet.ModelAndView com.example.demo.controller.SellerProductController.save(com.example.demo.form.ProductForm,org.springframework.validation.BindingResult,java.util.Map<java.lang.String, java.lang.Object>)
Mapped "{[/seller/product/on_sale]}" onto public org.springframework.web.servlet.ModelAndView com.example.demo.controller.SellerProductController.onSale(java.lang.String,java.util.Map<java.lang.String, java.lang.Object>)
Mapped "{[/seller/product/off_sale]}" onto public org.springframework.web.servlet.ModelAndView com.example.demo.controller.SellerProductController.offSale(java.lang.String,java.util.Map<java.lang.String, java.lang.Object>)
Mapped "{[/error]}" onto public org.springframework.http.ResponseEntity<java.util.Map<java.lang.String, java.lang.Object>> org.springframework.boot.autoconfigure.web.BasicErrorController.error(javax.servlet.http.HttpServletRequest)
Mapped "{[/error],produces=[text/html]}" onto public org.springframework.web.servlet.ModelAndView org.springframework.boot.autoconfigure.web.BasicErrorController.errorHtml(javax.servlet.http.HttpServletRequest,javax.servlet.http.HttpServletResponse)
Mapped URL path [/webjars/**] onto handler of type [class org.springframework.web.servlet.resource.ResourceHttpRequestHandler]
Mapped URL path [/**] onto handler of type [class org.springframework.web.servlet.resource.ResourceHttpRequestHandler]
Mapped URL path [/**/favicon.ico] onto handler of type [class org.springframework.web.servlet.resource.ResourceHttpRequestHandler]
ClassTemplateLoader for Spring macros added to FreeMarker configuration
Unable to start LiveReload server
Registering beans for JMX exposure on startup
Initializing ProtocolHandler ["http-nio-8081"]
Starting ProtocolHandler ["http-nio-8081"]
Using a shared selector for servlet write/read
Tomcat started on port(s): 8081 (http)
Started SellApplication in 12.082 seconds (JVM running for 14.092)
Initializing Spring FrameworkServlet 'dispatcherServlet'
FrameworkServlet 'dispatcherServlet': initialization started
FrameworkServlet 'dispatcherServlet': initialization completed in 61 ms
HHH000397: Using ASTQueryTranslatorFactory
Closing org.springframework.boot.context.embedded.AnnotationConfigEmbeddedWebApplicationContext@2016d8a9: startup date [Fri Apr 20 16:36:20 CST 2018]; root of context hierarchy
Unregistering JMX-exposed beans on shutdown
Closing JPA EntityManagerFactory for persistence unit 'default'
Starting SellApplication on macdeMacBook-Air.local with PID 55914 (/Users/mac/idea-workspace/sell/target/classes started by mac in /Users/mac/idea-workspace/sell)
No active profile set, falling back to default profiles: default
Refreshing org.springframework.boot.context.embedded.AnnotationConfigEmbeddedWebApplicationContext@7b3a92a6: startup date [Fri Apr 20 16:49:23 CST 2018]; root of context hierarchy
HV000001: Hibernate Validator 5.3.6.Final
Bean 'org.springframework.transaction.annotation.ProxyTransactionManagementConfiguration' of type [org.springframework.transaction.annotation.ProxyTransactionManagementConfiguration$$EnhancerBySpringCGLIB$$b96ef44d] is not eligible for getting processed by all BeanPostProcessors (for example: not eligible for auto-proxying)
Tomcat initialized with port(s): 8081 (http)
Starting service [Tomcat]
Starting Servlet Engine: Apache Tomcat/8.5.27
Initializing Spring embedded WebApplicationContext
Root WebApplicationContext: initialization completed in 3851 ms
Mapping servlet: 'dispatcherServlet' to [/]
Mapping filter: 'characterEncodingFilter' to: [/*]
Mapping filter: 'hiddenHttpMethodFilter' to: [/*]
Mapping filter: 'httpPutFormContentFilter' to: [/*]
Mapping filter: 'requestContextFilter' to: [/*]
Building JPA container EntityManagerFactory for persistence unit 'default'
HHH000204: Processing PersistenceUnitInfo [
	name: default
	...]
HHH000412: Hibernate Core {5.0.12.Final}
HHH000206: hibernate.properties not found
HHH000021: Bytecode provider name : javassist
HCANN000001: Hibernate Commons Annotations {5.0.1.Final}
HHH000400: Using dialect: org.hibernate.dialect.MySQL5Dialect
HHH000228: Running hbm2ddl schema update
Initialized JPA EntityManagerFactory for persistence unit 'default'
Looking for @ControllerAdvice: org.springframework.boot.context.embedded.AnnotationConfigEmbeddedWebApplicationContext@7b3a92a6: startup date [Fri Apr 20 16:49:23 CST 2018]; root of context hierarchy
Mapped "{[/buyer/order/create],methods=[POST]}" onto public com.example.demo.VO.ResultVO<java.util.Map<java.lang.String, java.lang.String>> com.example.demo.controller.BuyerOrderController.create(com.example.demo.form.OrderForm,org.springframework.validation.BindingResult)
Mapped "{[/buyer/order/list],methods=[GET]}" onto public com.example.demo.VO.ResultVO<com.example.demo.dto.OrderDTO> com.example.demo.controller.BuyerOrderController.list(java.lang.String,java.lang.Integer,java.lang.Integer)
Mapped "{[/buyer/order/cancel],methods=[POST]}" onto public com.example.demo.VO.ResultVO com.example.demo.controller.BuyerOrderController.cancel(java.lang.String,java.lang.String)
Mapped "{[/buyer/order/detail],methods=[GET]}" onto public com.example.demo.VO.ResultVO<com.example.demo.dto.OrderDTO> com.example.demo.controller.BuyerOrderController.detail(java.lang.String,java.lang.String)
Mapped "{[/buyer/product/list],methods=[GET]}" onto public com.example.demo.VO.ResultVO com.example.demo.controller.BuyerProductController.list()
Mapped "{[/seller/category/list]}" onto public org.springframework.web.servlet.ModelAndView com.example.demo.controller.SellCategoryController.list(java.util.Map<java.lang.String, java.lang.Object>)
Mapped "{[/seller/category/save]}" onto public org.springframework.web.servlet.ModelAndView com.example.demo.controller.SellCategoryController.save(com.example.demo.form.CategoryForm,org.springframework.validation.BindingResult,java.util.Map<java.lang.String, java.lang.Object>)
Mapped "{[/seller/category/modify]}" onto public org.springframework.web.servlet.ModelAndView com.example.demo.controller.SellCategoryController.modify(java.lang.Integer,java.util.Map<java.lang.String, java.lang.Object>)
Mapped "{[/seller/order/list],methods=[GET]}" onto public org.springframework.web.servlet.ModelAndView com.example.demo.controller.SellerOrderController.list(java.lang.Integer,java.lang.Integer,java.util.Map<java.lang.String, java.lang.Object>)
Mapped "{[/seller/order/cancel],methods=[GET]}" onto public org.springframework.web.servlet.ModelAndView com.example.demo.controller.SellerOrderController.cancel(java.lang.String,java.util.Map<java.lang.String, java.lang.Object>)
Mapped "{[/seller/order/finish],methods=[GET]}" onto public org.springframework.web.servlet.ModelAndView com.example.demo.controller.SellerOrderController.finish(java.lang.String,java.util.Map<java.lang.String, java.lang.Object>)
Mapped "{[/seller/order/detail],methods=[GET]}" onto public org.springframework.web.servlet.ModelAndView com.example.demo.controller.SellerOrderController.detail(java.lang.String,java.util.Map<java.lang.String, java.lang.Object>)
Mapped "{[/seller/product/modify]}" onto public org.springframework.web.servlet.ModelAndView com.example.demo.controller.SellerProductController.index(java.lang.String,java.util.Map<java.lang.String, java.lang.Object>)
Mapped "{[/seller/product/list],methods=[GET]}" onto public org.springframework.web.servlet.ModelAndView com.example.demo.controller.SellerProductController.list(java.lang.Integer,java.lang.Integer,java.util.Map<java.lang.String, java.lang.Object>)
Mapped "{[/seller/product/save],methods=[POST]}" onto public org.springframework.web.servlet.ModelAndView com.example.demo.controller.SellerProductController.save(com.example.demo.form.ProductForm,org.springframework.validation.BindingResult,java.util.Map<java.lang.String, java.lang.Object>)
Mapped "{[/seller/product/off_sale]}" onto public org.springframework.web.servlet.ModelAndView com.example.demo.controller.SellerProductController.offSale(java.lang.String,java.util.Map<java.lang.String, java.lang.Object>)
Mapped "{[/seller/product/on_sale]}" onto public org.springframework.web.servlet.ModelAndView com.example.demo.controller.SellerProductController.onSale(java.lang.String,java.util.Map<java.lang.String, java.lang.Object>)
Mapped "{[/error]}" onto public org.springframework.http.ResponseEntity<java.util.Map<java.lang.String, java.lang.Object>> org.springframework.boot.autoconfigure.web.BasicErrorController.error(javax.servlet.http.HttpServletRequest)
Mapped "{[/error],produces=[text/html]}" onto public org.springframework.web.servlet.ModelAndView org.springframework.boot.autoconfigure.web.BasicErrorController.errorHtml(javax.servlet.http.HttpServletRequest,javax.servlet.http.HttpServletResponse)
Mapped URL path [/webjars/**] onto handler of type [class org.springframework.web.servlet.resource.ResourceHttpRequestHandler]
Mapped URL path [/**] onto handler of type [class org.springframework.web.servlet.resource.ResourceHttpRequestHandler]
Mapped URL path [/**/favicon.ico] onto handler of type [class org.springframework.web.servlet.resource.ResourceHttpRequestHandler]
ClassTemplateLoader for Spring macros added to FreeMarker configuration
Unable to start LiveReload server
Registering beans for JMX exposure on startup
Initializing ProtocolHandler ["http-nio-8081"]
Starting ProtocolHandler ["http-nio-8081"]
Using a shared selector for servlet write/read
Tomcat started on port(s): 8081 (http)
Started SellApplication in 11.666 seconds (JVM running for 13.505)
Initializing Spring FrameworkServlet 'dispatcherServlet'
FrameworkServlet 'dispatcherServlet': initialization started
FrameworkServlet 'dispatcherServlet': initialization completed in 55 ms
HHH000397: Using ASTQueryTranslatorFactory
Closing org.springframework.boot.context.embedded.AnnotationConfigEmbeddedWebApplicationContext@7b3a92a6: startup date [Fri Apr 20 16:49:23 CST 2018]; root of context hierarchy
Unregistering JMX-exposed beans on shutdown
Closing JPA EntityManagerFactory for persistence unit 'default'
