Starting SellApplication on macdeMacBook-Air.local with PID 3405 (/Users/mac/idea-workspace/sell/target/classes started by mac in /Users/mac/idea-workspace/sell)
No active profile set, falling back to default profiles: default
Refreshing org.springframework.boot.context.embedded.AnnotationConfigEmbeddedWebApplicationContext@70f4d633: startup date [Wed May 30 08:47:59 CST 2018]; root of context hierarchy
HV000001: Hibernate Validator 5.3.6.Final
Starting SellApplication on macdeMacBook-Air.local with PID 3440 (/Users/mac/idea-workspace/sell/target/classes started by mac in /Users/mac/idea-workspace/sell)
No active profile set, falling back to default profiles: default
Refreshing org.springframework.boot.context.embedded.AnnotationConfigEmbeddedWebApplicationContext@75d15544: startup date [Wed May 30 08:48:16 CST 2018]; root of context hierarchy
HV000001: Hibernate Validator 5.3.6.Final
Bean 'org.springframework.transaction.annotation.ProxyTransactionManagementConfiguration' of type [org.springframework.transaction.annotation.ProxyTransactionManagementConfiguration$$EnhancerBySpringCGLIB$$53ba8252] is not eligible for getting processed by all BeanPostProcessors (for example: not eligible for auto-proxying)
Tomcat initialized with port(s): 8081 (http)
Starting service [Tomcat]
Starting Servlet Engine: Apache Tomcat/8.5.27
Initializing Spring embedded WebApplicationContext
Root WebApplicationContext: initialization completed in 7967 ms
Mapping filter: 'characterEncodingFilter' to: [/*]
Mapping filter: 'hiddenHttpMethodFilter' to: [/*]
Mapping filter: 'httpPutFormContentFilter' to: [/*]
Mapping filter: 'requestContextFilter' to: [/*]
Mapping filter: 'springSecurityFilterChain' to: [/*]
Mapping servlet: 'dispatcherServlet' to [/]
Building JPA container EntityManagerFactory for persistence unit 'default'
HHH000204: Processing PersistenceUnitInfo [
	name: default
	...]
HHH000412: Hibernate Core {5.0.12.Final}
HHH000206: hibernate.properties not found
HHH000021: Bytecode provider name : javassist
HCANN000001: Hibernate Commons Annotations {5.0.1.Final}
HHH000400: Using dialect: org.hibernate.dialect.MySQL5Dialect
HHH000228: Running hbm2ddl schema update
Initialized JPA EntityManagerFactory for persistence unit 'default'
Looking for @ControllerAdvice: org.springframework.boot.context.embedded.AnnotationConfigEmbeddedWebApplicationContext@75d15544: startup date [Wed May 30 08:48:16 CST 2018]; root of context hierarchy
Mapped "{[/buyer/order/create],methods=[POST]}" onto public com.example.demo.VO.ResultVO<java.util.Map<java.lang.String, java.lang.String>> com.example.demo.controller.BuyerOrderController.create(com.example.demo.form.OrderForm,org.springframework.validation.BindingResult)
Mapped "{[/buyer/order/list],methods=[GET]}" onto public com.example.demo.VO.ResultVO<com.example.demo.dto.OrderDTO> com.example.demo.controller.BuyerOrderController.list(java.lang.String,java.lang.Integer,java.lang.Integer)
Mapped "{[/buyer/order/createCloth],methods=[POST]}" onto public com.example.demo.VO.ResultVO<java.util.Map<java.lang.String, java.lang.String>> com.example.demo.controller.BuyerOrderController.createCloth(com.example.demo.form.OrderForm,org.springframework.validation.BindingResult)
Mapped "{[/buyer/order/cancel],methods=[POST]}" onto public com.example.demo.VO.ResultVO com.example.demo.controller.BuyerOrderController.cancel(java.lang.String,java.lang.String)
Mapped "{[/buyer/order/detail],methods=[GET]}" onto public com.example.demo.VO.ResultVO<com.example.demo.dto.OrderDTO> com.example.demo.controller.BuyerOrderController.detail(java.lang.String,java.lang.String)
Mapped "{[/buyer/product/list],methods=[GET]}" onto public com.example.demo.VO.ResultVO com.example.demo.controller.BuyerProductController.list()
Mapped "{[/buyer/product/clist],methods=[GET]}" onto public com.example.demo.VO.ResultVO com.example.demo.controller.BuyerProductController.clist()
Mapped "{[/login],methods=[GET]}" onto public org.springframework.web.servlet.ModelAndView com.example.demo.controller.LoginController.login()
Mapped "{[/seller/category/list]}" onto public org.springframework.web.servlet.ModelAndView com.example.demo.controller.SellCategoryController.list(java.util.Map<java.lang.String, java.lang.Object>)
Mapped "{[/seller/category/save]}" onto public org.springframework.web.servlet.ModelAndView com.example.demo.controller.SellCategoryController.save(com.example.demo.form.CategoryForm,org.springframework.validation.BindingResult,java.util.Map<java.lang.String, java.lang.Object>)
Mapped "{[/seller/category/modify]}" onto public org.springframework.web.servlet.ModelAndView com.example.demo.controller.SellCategoryController.modify(java.lang.Integer,java.util.Map<java.lang.String, java.lang.Object>)
Mapped "{[/seller/category/cmodify]}" onto public org.springframework.web.servlet.ModelAndView com.example.demo.controller.SellCategoryController.cmodify(java.lang.Integer,java.util.Map<java.lang.String, java.lang.Object>)
Mapped "{[/seller/category/csave]}" onto public org.springframework.web.servlet.ModelAndView com.example.demo.controller.SellCategoryController.csave(com.example.demo.form.CategoryForm,org.springframework.validation.BindingResult,java.util.Map<java.lang.String, java.lang.Object>)
Mapped "{[/seller/category/clist]}" onto public org.springframework.web.servlet.ModelAndView com.example.demo.controller.SellCategoryController.clist(java.util.Map<java.lang.String, java.lang.Object>)
Mapped "{[/seller/cproduct/modify]}" onto public org.springframework.web.servlet.ModelAndView com.example.demo.controller.SellCproductController.index(java.lang.String,java.util.Map<java.lang.String, java.lang.Object>)
Mapped "{[/seller/cproduct/list],methods=[GET]}" onto public org.springframework.web.servlet.ModelAndView com.example.demo.controller.SellCproductController.list(java.lang.Integer,java.lang.Integer,java.util.Map<java.lang.String, java.lang.Object>)
Mapped "{[/seller/cproduct/save],methods=[POST]}" onto public org.springframework.web.servlet.ModelAndView com.example.demo.controller.SellCproductController.save(com.example.demo.form.ProductForm,org.springframework.validation.BindingResult,java.util.Map<java.lang.String, java.lang.Object>)
Mapped "{[/seller/cproduct/on_sale]}" onto public org.springframework.web.servlet.ModelAndView com.example.demo.controller.SellCproductController.onSale(java.lang.String,java.util.Map<java.lang.String, java.lang.Object>)
Mapped "{[/seller/cproduct/off_sale]}" onto public org.springframework.web.servlet.ModelAndView com.example.demo.controller.SellCproductController.offSale(java.lang.String,java.util.Map<java.lang.String, java.lang.Object>)
Mapped "{[/seller/order/list],methods=[GET]}" onto public org.springframework.web.servlet.ModelAndView com.example.demo.controller.SellerOrderController.list(java.lang.Integer,java.lang.Integer,java.util.Map<java.lang.String, java.lang.Object>,org.springframework.security.core.token.Token)
Mapped "{[/seller/order/finish],methods=[GET]}" onto public org.springframework.web.servlet.ModelAndView com.example.demo.controller.SellerOrderController.finish(java.lang.String,java.util.Map<java.lang.String, java.lang.Object>)
Mapped "{[/seller/order/cancel],methods=[GET]}" onto public org.springframework.web.servlet.ModelAndView com.example.demo.controller.SellerOrderController.cancel(java.lang.String,java.util.Map<java.lang.String, java.lang.Object>)
Mapped "{[/seller/order/detail],methods=[GET]}" onto public org.springframework.web.servlet.ModelAndView com.example.demo.controller.SellerOrderController.detail(java.lang.String,java.util.Map<java.lang.String, java.lang.Object>)
Mapped "{[/seller/product/modify]}" onto public org.springframework.web.servlet.ModelAndView com.example.demo.controller.SellerProductController.index(java.lang.String,java.util.Map<java.lang.String, java.lang.Object>)
Mapped "{[/seller/product/list],methods=[GET]}" onto public org.springframework.web.servlet.ModelAndView com.example.demo.controller.SellerProductController.list(java.lang.Integer,java.lang.Integer,java.util.Map<java.lang.String, java.lang.Object>)
Mapped "{[/seller/product/save],methods=[POST]}" onto public org.springframework.web.servlet.ModelAndView com.example.demo.controller.SellerProductController.save(com.example.demo.form.ProductForm,org.springframework.validation.BindingResult,java.util.Map<java.lang.String, java.lang.Object>)
Mapped "{[/seller/product/on_sale]}" onto public org.springframework.web.servlet.ModelAndView com.example.demo.controller.SellerProductController.onSale(java.lang.String,java.util.Map<java.lang.String, java.lang.Object>)
Mapped "{[/seller/product/off_sale]}" onto public org.springframework.web.servlet.ModelAndView com.example.demo.controller.SellerProductController.offSale(java.lang.String,java.util.Map<java.lang.String, java.lang.Object>)
Mapped "{[/error]}" onto public org.springframework.http.ResponseEntity<java.util.Map<java.lang.String, java.lang.Object>> org.springframework.boot.autoconfigure.web.BasicErrorController.error(javax.servlet.http.HttpServletRequest)
Mapped "{[/error],produces=[text/html]}" onto public org.springframework.web.servlet.ModelAndView org.springframework.boot.autoconfigure.web.BasicErrorController.errorHtml(javax.servlet.http.HttpServletRequest,javax.servlet.http.HttpServletResponse)
Mapped URL path [/webjars/**] onto handler of type [class org.springframework.web.servlet.resource.ResourceHttpRequestHandler]
Mapped URL path [/**] onto handler of type [class org.springframework.web.servlet.resource.ResourceHttpRequestHandler]
Mapped URL path [/**/favicon.ico] onto handler of type [class org.springframework.web.servlet.resource.ResourceHttpRequestHandler]
ClassTemplateLoader for Spring macros added to FreeMarker configuration
Creating filter chain: OrRequestMatcher [requestMatchers=[Ant [pattern='/css/**'], Ant [pattern='/js/**'], Ant [pattern='/images/**'], Ant [pattern='/webjars/**'], Ant [pattern='/**/favicon.ico'], Ant [pattern='/error']]], []
Creating filter chain: Ant [pattern='/**', OPTIONS], []
Creating filter chain: org.springframework.security.web.util.matcher.AnyRequestMatcher@1, [org.springframework.security.web.context.request.async.WebAsyncManagerIntegrationFilter@79623a5c, org.springframework.security.web.context.SecurityContextPersistenceFilter@69d32b73, org.springframework.security.web.header.HeaderWriterFilter@59b456dc, org.springframework.security.web.authentication.logout.LogoutFilter@796ff333, org.springframework.security.web.authentication.UsernamePasswordAuthenticationFilter@6bd6fe42, org.springframework.security.web.savedrequest.RequestCacheAwareFilter@6231d02f, org.springframework.security.web.servletapi.SecurityContextHolderAwareRequestFilter@2e28e116, org.springframework.security.web.authentication.AnonymousAuthenticationFilter@44925ec0, org.springframework.security.web.session.SessionManagementFilter@103c2a9f, org.springframework.security.web.access.ExceptionTranslationFilter@11a87486, org.springframework.security.web.access.intercept.FilterSecurityInterceptor@3a9690b9]
Creating filter chain: OrRequestMatcher [requestMatchers=[Ant [pattern='/**']]], [org.springframework.security.web.context.request.async.WebAsyncManagerIntegrationFilter@550c68e3, org.springframework.security.web.context.SecurityContextPersistenceFilter@40d249a6, org.springframework.security.web.header.HeaderWriterFilter@551685f8, org.springframework.security.web.authentication.logout.LogoutFilter@334290e, org.springframework.security.web.authentication.www.BasicAuthenticationFilter@43d60d51, org.springframework.security.web.savedrequest.RequestCacheAwareFilter@3a8b05c3, org.springframework.security.web.servletapi.SecurityContextHolderAwareRequestFilter@5b536e2f, org.springframework.security.web.authentication.AnonymousAuthenticationFilter@651dc488, org.springframework.security.web.session.SessionManagementFilter@27e9ed8e, org.springframework.security.web.access.ExceptionTranslationFilter@239b3708, org.springframework.security.web.access.intercept.FilterSecurityInterceptor@798bc46d]
LiveReload server is running on port 35729
Registering beans for JMX exposure on startup
Initializing ProtocolHandler ["http-nio-8081"]
Starting ProtocolHandler ["http-nio-8081"]
Using a shared selector for servlet write/read
Tomcat started on port(s): 8081 (http)
Started SellApplication in 25.898 seconds (JVM running for 31.972)
Initializing Spring FrameworkServlet 'dispatcherServlet'
FrameworkServlet 'dispatcherServlet': initialization started
FrameworkServlet 'dispatcherServlet': initialization completed in 78 ms
Creation of SecureRandom instance for session ID generation using [SHA1PRNG] took [138] milliseconds.
HHH000397: Using ASTQueryTranslatorFactory
Closing org.springframework.boot.context.embedded.AnnotationConfigEmbeddedWebApplicationContext@75d15544: startup date [Wed May 30 08:48:16 CST 2018]; root of context hierarchy
Unregistering JMX-exposed beans on shutdown
Closing JPA EntityManagerFactory for persistence unit 'default'
Starting SellApplication on macdeMacBook-Air.local with PID 797 (/Users/mac/idea-workspace/sell/target/classes started by mac in /Users/mac/idea-workspace/sell)
No active profile set, falling back to default profiles: default
Refreshing org.springframework.boot.context.embedded.AnnotationConfigEmbeddedWebApplicationContext@4044510: startup date [Wed May 30 08:53:10 CST 2018]; root of context hierarchy
HV000001: Hibernate Validator 5.3.6.Final
Bean 'org.springframework.transaction.annotation.ProxyTransactionManagementConfiguration' of type [org.springframework.transaction.annotation.ProxyTransactionManagementConfiguration$$EnhancerBySpringCGLIB$$10077793] is not eligible for getting processed by all BeanPostProcessors (for example: not eligible for auto-proxying)
Tomcat initialized with port(s): 8081 (http)
Starting service [Tomcat]
Starting Servlet Engine: Apache Tomcat/8.5.27
Initializing Spring embedded WebApplicationContext
Root WebApplicationContext: initialization completed in 7199 ms
Mapping filter: 'characterEncodingFilter' to: [/*]
Mapping filter: 'hiddenHttpMethodFilter' to: [/*]
Mapping filter: 'httpPutFormContentFilter' to: [/*]
Mapping filter: 'requestContextFilter' to: [/*]
Mapping filter: 'springSecurityFilterChain' to: [/*]
Mapping servlet: 'dispatcherServlet' to [/]
Building JPA container EntityManagerFactory for persistence unit 'default'
HHH000204: Processing PersistenceUnitInfo [
	name: default
	...]
HHH000412: Hibernate Core {5.0.12.Final}
HHH000206: hibernate.properties not found
HHH000021: Bytecode provider name : javassist
HCANN000001: Hibernate Commons Annotations {5.0.1.Final}
HHH000400: Using dialect: org.hibernate.dialect.MySQL5Dialect
HHH000228: Running hbm2ddl schema update
Initialized JPA EntityManagerFactory for persistence unit 'default'
Looking for @ControllerAdvice: org.springframework.boot.context.embedded.AnnotationConfigEmbeddedWebApplicationContext@4044510: startup date [Wed May 30 08:53:10 CST 2018]; root of context hierarchy
Mapped "{[/buyer/order/create],methods=[POST]}" onto public com.example.demo.VO.ResultVO<java.util.Map<java.lang.String, java.lang.String>> com.example.demo.controller.BuyerOrderController.create(com.example.demo.form.OrderForm,org.springframework.validation.BindingResult)
Mapped "{[/buyer/order/list],methods=[GET]}" onto public com.example.demo.VO.ResultVO<com.example.demo.dto.OrderDTO> com.example.demo.controller.BuyerOrderController.list(java.lang.String,java.lang.Integer,java.lang.Integer)
Mapped "{[/buyer/order/createCloth],methods=[POST]}" onto public com.example.demo.VO.ResultVO<java.util.Map<java.lang.String, java.lang.String>> com.example.demo.controller.BuyerOrderController.createCloth(com.example.demo.form.OrderForm,org.springframework.validation.BindingResult)
Mapped "{[/buyer/order/detail],methods=[GET]}" onto public com.example.demo.VO.ResultVO<com.example.demo.dto.OrderDTO> com.example.demo.controller.BuyerOrderController.detail(java.lang.String,java.lang.String)
Mapped "{[/buyer/order/cancel],methods=[POST]}" onto public com.example.demo.VO.ResultVO com.example.demo.controller.BuyerOrderController.cancel(java.lang.String,java.lang.String)
Mapped "{[/buyer/product/list],methods=[GET]}" onto public com.example.demo.VO.ResultVO com.example.demo.controller.BuyerProductController.list()
Mapped "{[/buyer/product/clist],methods=[GET]}" onto public com.example.demo.VO.ResultVO com.example.demo.controller.BuyerProductController.clist()
Mapped "{[/login],methods=[GET]}" onto public org.springframework.web.servlet.ModelAndView com.example.demo.controller.LoginController.login()
Mapped "{[/seller/category/list]}" onto public org.springframework.web.servlet.ModelAndView com.example.demo.controller.SellCategoryController.list(java.util.Map<java.lang.String, java.lang.Object>)
Mapped "{[/seller/category/save]}" onto public org.springframework.web.servlet.ModelAndView com.example.demo.controller.SellCategoryController.save(com.example.demo.form.CategoryForm,org.springframework.validation.BindingResult,java.util.Map<java.lang.String, java.lang.Object>)
Mapped "{[/seller/category/clist]}" onto public org.springframework.web.servlet.ModelAndView com.example.demo.controller.SellCategoryController.clist(java.util.Map<java.lang.String, java.lang.Object>)
Mapped "{[/seller/category/modify]}" onto public org.springframework.web.servlet.ModelAndView com.example.demo.controller.SellCategoryController.modify(java.lang.Integer,java.util.Map<java.lang.String, java.lang.Object>)
Mapped "{[/seller/category/cmodify]}" onto public org.springframework.web.servlet.ModelAndView com.example.demo.controller.SellCategoryController.cmodify(java.lang.Integer,java.util.Map<java.lang.String, java.lang.Object>)
Mapped "{[/seller/category/csave]}" onto public org.springframework.web.servlet.ModelAndView com.example.demo.controller.SellCategoryController.csave(com.example.demo.form.CategoryForm,org.springframework.validation.BindingResult,java.util.Map<java.lang.String, java.lang.Object>)
Mapped "{[/seller/cproduct/modify]}" onto public org.springframework.web.servlet.ModelAndView com.example.demo.controller.SellCproductController.index(java.lang.String,java.util.Map<java.lang.String, java.lang.Object>)
Mapped "{[/seller/cproduct/list],methods=[GET]}" onto public org.springframework.web.servlet.ModelAndView com.example.demo.controller.SellCproductController.list(java.lang.Integer,java.lang.Integer,java.util.Map<java.lang.String, java.lang.Object>)
Mapped "{[/seller/cproduct/save],methods=[POST]}" onto public org.springframework.web.servlet.ModelAndView com.example.demo.controller.SellCproductController.save(com.example.demo.form.ProductForm,org.springframework.validation.BindingResult,java.util.Map<java.lang.String, java.lang.Object>)
Mapped "{[/seller/cproduct/on_sale]}" onto public org.springframework.web.servlet.ModelAndView com.example.demo.controller.SellCproductController.onSale(java.lang.String,java.util.Map<java.lang.String, java.lang.Object>)
Mapped "{[/seller/cproduct/off_sale]}" onto public org.springframework.web.servlet.ModelAndView com.example.demo.controller.SellCproductController.offSale(java.lang.String,java.util.Map<java.lang.String, java.lang.Object>)
Mapped "{[/seller/order/list],methods=[GET]}" onto public org.springframework.web.servlet.ModelAndView com.example.demo.controller.SellerOrderController.list(java.lang.Integer,java.lang.Integer,java.util.Map<java.lang.String, java.lang.Object>,org.springframework.security.core.token.Token)
Mapped "{[/seller/order/detail],methods=[GET]}" onto public org.springframework.web.servlet.ModelAndView com.example.demo.controller.SellerOrderController.detail(java.lang.String,java.util.Map<java.lang.String, java.lang.Object>)
Mapped "{[/seller/order/finish],methods=[GET]}" onto public org.springframework.web.servlet.ModelAndView com.example.demo.controller.SellerOrderController.finish(java.lang.String,java.util.Map<java.lang.String, java.lang.Object>)
Mapped "{[/seller/order/cancel],methods=[GET]}" onto public org.springframework.web.servlet.ModelAndView com.example.demo.controller.SellerOrderController.cancel(java.lang.String,java.util.Map<java.lang.String, java.lang.Object>)
Mapped "{[/seller/product/modify]}" onto public org.springframework.web.servlet.ModelAndView com.example.demo.controller.SellerProductController.index(java.lang.String,java.util.Map<java.lang.String, java.lang.Object>)
Mapped "{[/seller/product/list],methods=[GET]}" onto public org.springframework.web.servlet.ModelAndView com.example.demo.controller.SellerProductController.list(java.lang.Integer,java.lang.Integer,java.util.Map<java.lang.String, java.lang.Object>)
Mapped "{[/seller/product/save],methods=[POST]}" onto public org.springframework.web.servlet.ModelAndView com.example.demo.controller.SellerProductController.save(com.example.demo.form.ProductForm,org.springframework.validation.BindingResult,java.util.Map<java.lang.String, java.lang.Object>)
Mapped "{[/seller/product/on_sale]}" onto public org.springframework.web.servlet.ModelAndView com.example.demo.controller.SellerProductController.onSale(java.lang.String,java.util.Map<java.lang.String, java.lang.Object>)
Mapped "{[/seller/product/off_sale]}" onto public org.springframework.web.servlet.ModelAndView com.example.demo.controller.SellerProductController.offSale(java.lang.String,java.util.Map<java.lang.String, java.lang.Object>)
Mapped "{[/error]}" onto public org.springframework.http.ResponseEntity<java.util.Map<java.lang.String, java.lang.Object>> org.springframework.boot.autoconfigure.web.BasicErrorController.error(javax.servlet.http.HttpServletRequest)
Mapped "{[/error],produces=[text/html]}" onto public org.springframework.web.servlet.ModelAndView org.springframework.boot.autoconfigure.web.BasicErrorController.errorHtml(javax.servlet.http.HttpServletRequest,javax.servlet.http.HttpServletResponse)
Mapped URL path [/webjars/**] onto handler of type [class org.springframework.web.servlet.resource.ResourceHttpRequestHandler]
Mapped URL path [/**] onto handler of type [class org.springframework.web.servlet.resource.ResourceHttpRequestHandler]
Mapped URL path [/**/favicon.ico] onto handler of type [class org.springframework.web.servlet.resource.ResourceHttpRequestHandler]
ClassTemplateLoader for Spring macros added to FreeMarker configuration
Creating filter chain: OrRequestMatcher [requestMatchers=[Ant [pattern='/css/**'], Ant [pattern='/js/**'], Ant [pattern='/images/**'], Ant [pattern='/webjars/**'], Ant [pattern='/**/favicon.ico'], Ant [pattern='/error']]], []
Creating filter chain: Ant [pattern='/**', OPTIONS], []
Creating filter chain: org.springframework.security.web.util.matcher.AnyRequestMatcher@1, [org.springframework.security.web.context.request.async.WebAsyncManagerIntegrationFilter@79bfe29f, org.springframework.security.web.context.SecurityContextPersistenceFilter@5e3f583, org.springframework.security.web.header.HeaderWriterFilter@73e0010f, org.springframework.security.web.authentication.logout.LogoutFilter@5c7034ec, org.springframework.security.web.authentication.UsernamePasswordAuthenticationFilter@77e8977b, org.springframework.security.web.savedrequest.RequestCacheAwareFilter@480b5768, org.springframework.security.web.servletapi.SecurityContextHolderAwareRequestFilter@70139e53, org.springframework.security.web.authentication.AnonymousAuthenticationFilter@40bc00e7, org.springframework.security.web.session.SessionManagementFilter@69fe90c, org.springframework.security.web.access.ExceptionTranslationFilter@5c941c70, org.springframework.security.web.access.intercept.FilterSecurityInterceptor@4bae9f78]
Creating filter chain: OrRequestMatcher [requestMatchers=[Ant [pattern='/**']]], [org.springframework.security.web.context.request.async.WebAsyncManagerIntegrationFilter@1a6c4726, org.springframework.security.web.context.SecurityContextPersistenceFilter@46c21377, org.springframework.security.web.header.HeaderWriterFilter@174bfdc9, org.springframework.security.web.authentication.logout.LogoutFilter@475bb7a2, org.springframework.security.web.authentication.www.BasicAuthenticationFilter@2afe8194, org.springframework.security.web.savedrequest.RequestCacheAwareFilter@6cd433dd, org.springframework.security.web.servletapi.SecurityContextHolderAwareRequestFilter@24393e3b, org.springframework.security.web.authentication.AnonymousAuthenticationFilter@71a41245, org.springframework.security.web.session.SessionManagementFilter@57e5fee3, org.springframework.security.web.access.ExceptionTranslationFilter@779ba4e6, org.springframework.security.web.access.intercept.FilterSecurityInterceptor@3e596e50]
LiveReload server is running on port 35729
Registering beans for JMX exposure on startup
Initializing ProtocolHandler ["http-nio-8081"]
Starting ProtocolHandler ["http-nio-8081"]
Using a shared selector for servlet write/read
Tomcat started on port(s): 8081 (http)
Started SellApplication in 21.907 seconds (JVM running for 24.534)
Initializing Spring FrameworkServlet 'dispatcherServlet'
FrameworkServlet 'dispatcherServlet': initialization started
FrameworkServlet 'dispatcherServlet': initialization completed in 61 ms
HHH000397: Using ASTQueryTranslatorFactory
Closing org.springframework.boot.context.embedded.AnnotationConfigEmbeddedWebApplicationContext@4044510: startup date [Wed May 30 08:53:10 CST 2018]; root of context hierarchy
Unregistering JMX-exposed beans on shutdown
Closing JPA EntityManagerFactory for persistence unit 'default'
